[02:37:54.542] Initializing OverLight Mod build 4
[02:37:54.542] Compiled: Nov 18 2020 02:36:11 CL:1921
[02:37:54.542] OS: Windows Version 6.1538.9200
[02:37:54.542] D3D9UseVersion: 0
[02:37:54.542] DXVersion: 2304
[02:37:54.542] windowsVersion: 4
[02:37:54.542] CPU Supports MMX: 0
[02:37:54.542] CPU Supports 3DNow: 0
[02:37:54.542] CPU Supports SSE: 0
[02:37:54.542] CPU Supports SSE2: 0
[02:37:54.545] Unknown weapon 'Fist' in weapon_slot[0]
[02:37:54.547] Warning: setting 'weapon_slot[]' was not present in the mod_sa.ini file
[02:37:54.547] SA:MP 0.3.7 was detected. g_dwSAMP_Addr: 0x03C50000
[02:37:57.031] proxyIDirect3DDevice9 constructor called. Original IDirect3DDevice9 interface address is 0x10B47000
[02:37:57.566] proxyIDirect3DDevice9::Reset()
[02:37:57.687] proxyID3DDevice9_InitOurShit()
[02:38:08.466] byteAuthBSLen 43
[02:38:08.466] auth_bs 1373BDCA32DC1F4401B49D6FD986364DC5F9B8FFB84
[02:38:08.466] NEW byteAuthBSLen 43
[02:38:08.466] NEW auth_bs 1128657C194CB7B0A29C5DF59F3B4B2E687184703FB
[02:39:14.197] Exited

