[04:19:58.538] Initializing OverLight Mod build 4
[04:19:58.538] Compiled: Nov 16 2020 04:18:55 CL:1921
[04:19:58.539] OS: Windows Version 6.1538.9200
[04:19:58.539] D3D9UseVersion: 0
[04:19:58.539] DXVersion: 2304
[04:19:58.539] windowsVersion: 4
[04:19:58.539] CPU Supports MMX: 0
[04:19:58.539] CPU Supports 3DNow: 0
[04:19:58.539] CPU Supports SSE: 0
[04:19:58.539] CPU Supports SSE2: 0
[04:19:58.543] SA:MP 0.3.7 was detected. g_dwSAMP_Addr: 0x03BF0000
[04:20:01.111] proxyIDirect3DDevice9 constructor called. Original IDirect3DDevice9 interface address is 0x103CC4A0
[04:20:01.516] proxyIDirect3DDevice9::Reset()
[04:20:01.692] proxyID3DDevice9_InitOurShit()
[04:20:09.933] proxyIDirect3DDevice9::Reset()
[04:20:09.933] proxyID3DDevice9_UnInitOurShit
[04:20:10.068] proxyID3DDevice9_InitOurShit()
[04:20:11.909] byteAuthBSLen 43
[04:20:11.909] auth_bs 1373BDCA32DC1F4401B49D6FD986364DC5F9B8FFB84
[04:20:11.909] NEW byteAuthBSLen 43
[04:20:11.909] NEW auth_bs 1552E824204123C65FDE15720A0E2AEF562992061CD
[04:22:29.814] proxyIDirect3DDevice9::Reset()
[04:22:29.814] proxyID3DDevice9_UnInitOurShit
[04:22:30.374] proxyID3DDevice9_InitOurShit()
[04:23:48.322] proxyIDirect3DDevice9::Reset()
[04:23:48.322] proxyID3DDevice9_UnInitOurShit
[04:23:48.831] proxyID3DDevice9_InitOurShit()
[04:24:36.046] proxyIDirect3DDevice9::Reset()
[04:24:36.046] proxyID3DDevice9_UnInitOurShit
[04:24:36.547] proxyID3DDevice9_InitOurShit()
[04:28:24.508] Exited

