[00:49:07] 
SAMPFUNCS v5.4.1-final rel.21 (SA-MP 0.3.7-R1)
Compiled: Dec 24 2018 03:13:37

Copyright (c) 2013-2018, BlastHack Team <blast.hk>

[00:49:07] Base address: 0x55990000.
[00:49:07] Initializing opcodes...
[00:49:07] Opcodes initialized successfully. Total opcodes: 382.
[00:49:07] Hook "CTimer::GetRealTimeScale" installed.
[00:49:07] Hook "CPad::Update" installed.
[00:49:07] Hook "CCamera::RenderMotionBlur" installed.
[00:49:07] Hook "CScriptThread::AddScriptToQueue" installed.
[00:49:07] Hook "CScriptThread::RemoveScriptFromQueue" installed.
[00:49:07] Hook "CScriptThread::Process" installed.
[00:49:07] Hook "WinMainLoop" installed.
[00:49:07] Hook "CLoadingScreen::RenderSplash" installed.
[00:49:07] Hook "CVehicle::CVehicle" installed.
[00:49:07] Hook "CVehicle::~CVehicle" installed.
[00:49:07] Hook "CPed::CPed" installed.
[00:49:07] Hook "CPed::~CPed" installed.
[00:49:07] Initializing plugins...
[00:49:07] SF Plugin "dmg.sf" loaded.
[00:49:13] samp.dll base addres: 0x03BA0000
[00:49:13] Hook "SAMP: CNetGame::CNetGame" installed.
[00:49:13] Hook "SAMP: CDialog::Close" installed.
[00:49:13] Hook "SAMP: QuitGame" installed.
[00:49:13] Hook "SAMP: CCmdWindow::ProcessInput" installed.
[00:49:17] {C0C0C0}[ML] {FA9746}(system) {C0C0C0}Session started.
[00:49:17] {C0C0C0}[ML] {C0C0C0}
MoonLoader v.026.5-beta loaded.
[00:49:17] {C0C0C0}[ML] {C0C0C0}Developers: FYP, hnnssy, EvgeN 1137

[00:49:17] {C0C0C0}[ML] {C0C0C0}Copyright (c) 2016, BlastHack Team
[00:49:17] {C0C0C0}[ML] {C0C0C0}http://blast.hk/moonloader/

[00:49:17] {C0C0C0}[ML] {A9EFF5}(info) {C0C0C0}Working directory: Y:\Games\SAMP-Sborka-By-Kiko\moonloader
[00:49:17] {C0C0C0}[ML] {FA9746}(system) {C0C0C0}Installing pre-game hooks...
[00:49:17] {C0C0C0}[ML] {FA9746}(system) {C0C0C0}Hooks installed.
[00:49:17] {C0C0C0}[ML] {FA9746}(system) {C0C0C0}Loading script 'Y:\Games\SAMP-Sborka-By-Kiko\moonloader\AntiRvanka.lua'...
[00:49:17] {C0C0C0}[ML] {FA9746}(system) {E0E0E0}AntiRvanka.lua: {C0C0C0}Loaded successfully.
[00:49:17] {C0C0C0}[ML] {FA9746}(system) {C0C0C0}Loading script 'Y:\Games\SAMP-Sborka-By-Kiko\moonloader\AntiSpammerForMaksQSpammer.lua'...
[00:49:17] {C0C0C0}[ML] {FA9746}(system) {E0E0E0}AntiSpamForMaksQSpam: {C0C0C0}Loaded successfully.
[00:49:17] {C0C0C0}[ML] {FA9746}(system) {C0C0C0}Loading script 'Y:\Games\SAMP-Sborka-By-Kiko\moonloader\arz_carslap.luac'...
[00:49:17] {C0C0C0}[ML] {FA9746}(system) {E0E0E0}arz_carslap.luac: {C0C0C0}Loaded successfully.
[00:49:17] {C0C0C0}[ML] {FA9746}(system) {C0C0C0}Loading script 'Y:\Games\SAMP-Sborka-By-Kiko\moonloader\AutoReboot.lua'...
[00:49:17] {C0C0C0}[ML] {FA9746}(system) {E0E0E0}ML-AutoReboot: {C0C0C0}Loaded successfully.
[00:49:17] {C0C0C0}[ML] {FA9746}(system) {C0C0C0}Loading script 'Y:\Games\SAMP-Sborka-By-Kiko\moonloader\BPS_FLY.lua'...
[00:49:17] {C0C0C0}[ML] {FA9746}(system) {E0E0E0}BPS_FLY.lua: {C0C0C0}Loaded successfully.
[00:49:17] {C0C0C0}[ML] {FA9746}(system) {C0C0C0}Loading script 'Y:\Games\SAMP-Sborka-By-Kiko\moonloader\ButilkaCrasher.lua'...
[00:49:17] {C0C0C0}[ML] {FA9746}(system) {E0E0E0}ButilkaCrasher.lua: {C0C0C0}Loaded successfully.
[00:49:17] {C0C0C0}[ML] {FA9746}(system) {C0C0C0}Loading script 'Y:\Games\SAMP-Sborka-By-Kiko\moonloader\bypass.lua'...
[00:49:17] {C0C0C0}[ML] {FA9746}(system) {E0E0E0}bypass.lua: {C0C0C0}Loaded successfully.
[00:49:17] {C0C0C0}[ML] {FA9746}(system) {C0C0C0}Loading script 'Y:\Games\SAMP-Sborka-By-Kiko\moonloader\bypasser.lua'...
[00:49:17] {C0C0C0}[ML] {FA9746}(system) {E0E0E0}bypasser.lua: {C0C0C0}Loaded successfully.
[00:49:17] {C0C0C0}[ML] {FA9746}(system) {C0C0C0}Loading script 'Y:\Games\SAMP-Sborka-By-Kiko\moonloader\carshot.lua'...
[00:49:17] {C0C0C0}[ML] {FA9746}(system) {E0E0E0}carshot.lua: {C0C0C0}Loaded successfully.
[00:49:17] {C0C0C0}[ML] {FA9746}(system) {C0C0C0}Loading script 'Y:\Games\SAMP-Sborka-By-Kiko\moonloader\carshot_chat_add.lua'...
[00:49:17] {C0C0C0}[ML] {FA9746}(system) {E0E0E0}CSChatAdd: {C0C0C0}Loaded successfully.
[00:49:17] {C0C0C0}[ML] {FA9746}(system) {C0C0C0}Loading script 'Y:\Games\SAMP-Sborka-By-Kiko\moonloader\CheatHelper.lua'...
[00:49:17] {C0C0C0}[ML] {FF7070}(error) {E0E0E0}CheatHelper.lua: {C0C0C0}Y:\Games\SAMP-Sborka-By-Kiko\moonloader\CheatHelper.lua:9: '<name>' expected near 'local'
[00:49:17] {C0C0C0}[ML] {FF7070}(error) {E0E0E0}CheatHelper.lua: {C0C0C0}Script died due to an error. (134E4654)
[00:49:17] {C0C0C0}[ML] {FA9746}(system) {C0C0C0}Loading script 'Y:\Games\SAMP-Sborka-By-Kiko\moonloader\check-moonloader-updates.lua'...
[00:49:17] {C0C0C0}[ML] {FA9746}(system) {E0E0E0}Check MoonLoader Updates: {C0C0C0}Loaded successfully.
[00:49:17] {C0C0C0}[ML] {FA9746}(system) {C0C0C0}Loading script 'Y:\Games\SAMP-Sborka-By-Kiko\moonloader\CreepTonInvis.luac'...
[00:49:17] {C0C0C0}[ML] {FA9746}(system) {E0E0E0}CreepTonInvis.luac: {C0C0C0}Loaded successfully.
[00:49:17] {C0C0C0}[ML] {FA9746}(system) {C0C0C0}Loading script 'Y:\Games\SAMP-Sborka-By-Kiko\moonloader\dammagerBydamag.lua'...
[00:49:17] {C0C0C0}[ML] {FA9746}(system) {E0E0E0}dammagerBydamag.lua: {C0C0C0}Loaded successfully.
[00:49:17] {C0C0C0}[ML] {FA9746}(system) {C0C0C0}Loading script 'Y:\Games\SAMP-Sborka-By-Kiko\moonloader\egun.luac'...
[00:49:17] {C0C0C0}[ML] {FA9746}(system) {E0E0E0}egun.luac: {C0C0C0}Loaded successfully.
[00:49:17] {C0C0C0}[ML] {FA9746}(system) {C0C0C0}Loading script 'Y:\Games\SAMP-Sborka-By-Kiko\moonloader\EnterCar.lua'...
[00:49:17] {C0C0C0}[ML] {FA9746}(system) {E0E0E0}EnterCar.lua: {C0C0C0}Loaded successfully.
[00:49:17] {C0C0C0}[ML] {FA9746}(system) {C0C0C0}Loading script 'Y:\Games\SAMP-Sborka-By-Kiko\moonloader\EnterCrasher (bypass).lua'...
[00:49:17] {C0C0C0}[ML] {FA9746}(system) {E0E0E0}EnterCrasher (bypass): {C0C0C0}Loaded successfully.
[00:49:17] {C0C0C0}[ML] {FA9746}(system) {C0C0C0}Loading script 'Y:\Games\SAMP-Sborka-By-Kiko\moonloader\F-CAR.lua'...
[00:49:17] {C0C0C0}[ML] {FA9746}(system) {E0E0E0}F-CAR.lua: {C0C0C0}Loaded successfully.
[00:49:17] {C0C0C0}[ML] {FA9746}(system) {C0C0C0}Loading script 'Y:\Games\SAMP-Sborka-By-Kiko\moonloader\fly.luac'...
[00:49:17] {C0C0C0}[ML] {FA9746}(system) {E0E0E0}fly.luac: {C0C0C0}Loaded successfully.
[00:49:17] {C0C0C0}[ML] {FA9746}(system) {C0C0C0}Loading script 'Y:\Games\SAMP-Sborka-By-Kiko\moonloader\FPS_UP_UPDATE.lua'...
[00:49:17] {C0C0C0}[ML] {FA9746}(system) {E0E0E0}FPS_UP_UPDATE.lua: {C0C0C0}Loaded successfully.
[00:49:17] {C0C0C0}[ML] {FA9746}(system) {C0C0C0}Loading script 'Y:\Games\SAMP-Sborka-By-Kiko\moonloader\gagarin.lua'...
[00:49:17] {C0C0C0}[ML] {FA9746}(system) {E0E0E0}gagarin.lua: {C0C0C0}Loaded successfully.
[00:49:17] {C0C0C0}[ML] {FA9746}(system) {C0C0C0}Loading script 'Y:\Games\SAMP-Sborka-By-Kiko\moonloader\GORYASHIYCAR.luac'...
[00:49:17] {C0C0C0}[ML] {FA9746}(system) {E0E0E0}GORYASHIYCAR.luac: {C0C0C0}Loaded successfully.
[00:49:17] {C0C0C0}[ML] {FA9746}(system) {C0C0C0}Loading script 'Y:\Games\SAMP-Sborka-By-Kiko\moonloader\INVI.lua'...
[00:49:17] {C0C0C0}[ML] {FA9746}(system) {E0E0E0}INVI.lua: {C0C0C0}Loaded successfully.
[00:49:17] {C0C0C0}[ML] {FA9746}(system) {C0C0C0}Loading script 'Y:\Games\SAMP-Sborka-By-Kiko\moonloader\kickASS.lua'...
[00:49:17] {C0C0C0}[ML] {FA9746}(system) {E0E0E0}kickASS v2.1: {C0C0C0}Loaded successfully.
[00:49:17] {C0C0C0}[ML] {FA9746}(system) {C0C0C0}Loading script 'Y:\Games\SAMP-Sborka-By-Kiko\moonloader\knockdown.lua'...
[00:49:17] {C0C0C0}[ML] {FA9746}(system) {E0E0E0}knockdown.lua: {C0C0C0}Loaded successfully.
[00:49:17] {C0C0C0}[ML] {FA9746}(system) {C0C0C0}Loading script 'Y:\Games\SAMP-Sborka-By-Kiko\moonloader\Multi_AyE_Cheats_by ]GsH[MeG@LaDo[N].luac'...
[00:49:17] {C0C0C0}[ML] {FA9746}(system) {E0E0E0}Multi Cheats by ]GsH[MeG@LaDo[N]: {C0C0C0}Loaded successfully.
[00:49:17] {C0C0C0}[ML] {FA9746}(system) {C0C0C0}Loading script 'Y:\Games\SAMP-Sborka-By-Kiko\moonloader\POMOYKA MODE.lua'...
[00:49:17] {C0C0C0}[ML] {FA9746}(system) {E0E0E0}POMOYKAMod: {C0C0C0}Loaded successfully.
[00:49:17] {C0C0C0}[ML] {FA9746}(system) {C0C0C0}Loading script 'Y:\Games\SAMP-Sborka-By-Kiko\moonloader\RainbowClist.lua'...
[00:49:17] {C0C0C0}[ML] {FA9746}(system) {E0E0E0}RainbowClist: {C0C0C0}Loaded successfully.
[00:49:17] {C0C0C0}[ML] {FA9746}(system) {C0C0C0}Loading script 'Y:\Games\SAMP-Sborka-By-Kiko\moonloader\reload_all.lua'...
[00:49:17] {C0C0C0}[ML] {FA9746}(system) {E0E0E0}ML-ReloadAll: {C0C0C0}Loaded successfully.
[00:49:17] {C0C0C0}[ML] {FA9746}(system) {C0C0C0}Loading script 'Y:\Games\SAMP-Sborka-By-Kiko\moonloader\scar.lua'...
[00:49:17] {C0C0C0}[ML] {FA9746}(system) {E0E0E0}scar.lua: {C0C0C0}Loaded successfully.
[00:49:17] {C0C0C0}[ML] {FA9746}(system) {C0C0C0}Loading script 'Y:\Games\SAMP-Sborka-By-Kiko\moonloader\SF Integration.lua'...
[00:49:17] {C0C0C0}[ML] {FA9746}(system) {E0E0E0}SF Integration: {C0C0C0}Loaded successfully.
[00:49:17] {C0C0C0}[ML] {FA9746}(system) {C0C0C0}Loading script 'Y:\Games\SAMP-Sborka-By-Kiko\moonloader\skinc.lua'...
[00:49:17] {C0C0C0}[ML] {FA9746}(system) {E0E0E0}skinc: {C0C0C0}Loaded successfully.
[00:49:17] {C0C0C0}[ML] {FA9746}(system) {C0C0C0}Loading script 'Y:\Games\SAMP-Sborka-By-Kiko\moonloader\SlapperBYs3nder.luac'...
[00:49:17] {C0C0C0}[ML] {FA9746}(system) {E0E0E0}SlapperBYs3nder.luac: {C0C0C0}Loaded successfully.
[00:49:17] {C0C0C0}[ML] {FA9746}(system) {C0C0C0}Loading script 'Y:\Games\SAMP-Sborka-By-Kiko\moonloader\spammer.lua'...
[00:49:17] {C0C0C0}[ML] {FA9746}(system) {E0E0E0}Spammer: {C0C0C0}Loaded successfully.
[00:49:17] {C0C0C0}[ML] {FA9746}(system) {C0C0C0}Loading script 'Y:\Games\SAMP-Sborka-By-Kiko\moonloader\spoka0_3.luac'...
[00:49:17] {C0C0C0}[ML] {FA9746}(system) {E0E0E0}spoka0_3.luac: {C0C0C0}Loaded successfully.
[00:49:17] {C0C0C0}[ML] {FA9746}(system) {C0C0C0}Loading script 'Y:\Games\SAMP-Sborka-By-Kiko\moonloader\stopcars.lua'...
[00:49:17] {C0C0C0}[ML] {FA9746}(system) {E0E0E0}stopcars.lua: {C0C0C0}Loaded successfully.
[00:49:17] {C0C0C0}[ML] {FA9746}(system) {C0C0C0}Loading script 'Y:\Games\SAMP-Sborka-By-Kiko\moonloader\Stopper.lua'...
[00:49:17] {C0C0C0}[ML] {FA9746}(system) {E0E0E0}Stopper: {C0C0C0}Loaded successfully.
[00:49:17] {C0C0C0}[ML] {FA9746}(system) {C0C0C0}Loading script 'Y:\Games\SAMP-Sborka-By-Kiko\moonloader\syncer.lua'...
[00:49:17] {C0C0C0}[ML] {FA9746}(system) {E0E0E0}syncer.lua: {C0C0C0}Loaded successfully.
[00:49:17] {C0C0C0}[ML] {FA9746}(system) {C0C0C0}Loading script 'Y:\Games\SAMP-Sborka-By-Kiko\moonloader\Teleport.luac'...
[00:49:17] {C0C0C0}[ML] {FA9746}(system) {E0E0E0}Teleport.luac: {C0C0C0}Loaded successfully.
[00:49:17] {C0C0C0}[ML] {FA9746}(system) {C0C0C0}Loading script 'Y:\Games\SAMP-Sborka-By-Kiko\moonloader\textdrawreplace.lua'...
[00:49:17] {C0C0C0}[ML] {FA9746}(system) {E0E0E0}CSChatAdd: {C0C0C0}Loaded successfully.
[00:49:17] {C0C0C0}[ML] {FA9746}(system) {C0C0C0}Loading script 'Y:\Games\SAMP-Sborka-By-Kiko\moonloader\thrower.luac'...
[00:49:17] {C0C0C0}[ML] {FA9746}(system) {E0E0E0}thrower.luac: {C0C0C0}Loaded successfully.
[00:49:17] {C0C0C0}[ML] {FA9746}(system) {C0C0C0}Loading script 'Y:\Games\SAMP-Sborka-By-Kiko\moonloader\UltraFuck.luac'...
[00:49:17] {C0C0C0}[ML] {FA9746}(system) {E0E0E0}UltraFuck: {C0C0C0}Loaded successfully.
[00:49:17] {C0C0C0}[ML] {FA9746}(system) {C0C0C0}Loading script 'Y:\Games\SAMP-Sborka-By-Kiko\moonloader\underground death.luac'...
[00:49:17] {C0C0C0}[ML] {FA9746}(system) {E0E0E0}underground death.luac: {C0C0C0}Loaded successfully.
[00:49:17] {C0C0C0}[ML] {FA9746}(system) {C0C0C0}Loading script 'Y:\Games\SAMP-Sborka-By-Kiko\moonloader\vcrash.lua'...
[00:49:17] {C0C0C0}[ML] {FA9746}(system) {E0E0E0}vcrash.lua: {C0C0C0}Loaded successfully.
[00:49:17] {C0C0C0}[ML] {FA9746}(system) {C0C0C0}Loading script 'Y:\Games\SAMP-Sborka-By-Kiko\moonloader\VCrashModify.lua'...
[00:49:17] {C0C0C0}[ML] {FA9746}(system) {E0E0E0}VCrashModify: {C0C0C0}Loaded successfully.
[00:49:17] {C0C0C0}[ML] {FA9746}(system) {C0C0C0}Loading script 'Y:\Games\SAMP-Sborka-By-Kiko\moonloader\wheeldestroyer.lua'...
[00:49:17] {C0C0C0}[ML] {FA9746}(system) {E0E0E0}wheeldestroyer.lua: {C0C0C0}Loaded successfully.
[00:49:17] {C0C0C0}[ML] {FA9746}(system) {C0C0C0}Loading script 'Y:\Games\SAMP-Sborka-By-Kiko\moonloader\zzzz_astpn (no pickups).lua'...
[00:49:17] {C0C0C0}[ML] {FA9746}(system) {E0E0E0}zzzz_astpn (no pickups).lua: {C0C0C0}Loaded successfully.
[00:49:17] {C0C0C0}[ML] {FA9746}(system) {C0C0C0}Loading script 'Y:\Games\SAMP-Sborka-By-Kiko\moonloader\zzzz_astpn.lua'...
[00:49:17] {C0C0C0}[ML] {FA9746}(system) {E0E0E0}zzzz_astpn.lua: {C0C0C0}Loaded successfully.
[00:49:17] {C0C0C0}[ML] {FA9746}(system) {C0C0C0}Installing post-load hooks...
[00:49:17] {C0C0C0}[ML] {FA9746}(system) {C0C0C0}Hooks installed.
[00:49:18] {C0C0C0}[ML] {FF7070}(error) {E0E0E0}AntiRvanka.lua: {C0C0C0}opcode '0AF8' call caused an unhandled exception
stack traceback:
	[C]: in function 'sampAddChatMessage'
	Y:\Games\SAMP-Sborka-By-Kiko\moonloader\AntiRvanka.lua:61: in function 'sendMessage'
	Y:\Games\SAMP-Sborka-By-Kiko\moonloader\AntiRvanka.lua:7: in function <Y:\Games\SAMP-Sborka-By-Kiko\moonloader\AntiRvanka.lua:5>
[00:49:18] {C0C0C0}[ML] {FF7070}(error) {E0E0E0}AntiRvanka.lua: {C0C0C0}Script died due to an error. (0F5341BC)
[00:49:19] Direct3DDevice9 hook installed.
[00:49:19] Hook "SAMP: RakPeer::HandleRPCPacket" installed.
[00:49:19] Initializing SAMP data...
[00:49:19] Info initialized.
[00:49:19] Pools initialized.
[00:49:19] Player pool initialized.
[00:49:19] Vehicle pool initialized.
[00:49:19] Chat initialized.
[00:49:19] Input initialized.
[00:49:19] Death list initialized.
[00:49:19] Dialog initialized.
[00:49:19] Misc data initialized.
[00:49:19] Scoreboard initialized.
[00:49:19] RakNet initialized.
[00:49:19] SAMPFUNCS v5.4.1-final rel.21 (SA-MP 0.3.7-R1) completely loaded!
[00:49:20] {C0C0C0}[ML] {FA9746}(system) {C0C0C0}Loading script 'Y:\Games\SAMP-Sborka-By-Kiko\moonloader\config\UltraFuck\Scripts\speed.lua'...
[00:49:20] {C0C0C0}[ML] {FA9746}(system) {E0E0E0}speed.lua: {C0C0C0}Loaded successfully.
[00:49:20] {C0C0C0}[ML] {7DD156}(script) {E0E0E0}UltraFuck: {C0C0C0}{FFFFFF}Обновления не были найдены, текущая версия 2.31
[00:49:20] {C0C0C0}[ML] {7DD156}(script) {E0E0E0}UltraFuck: {C0C0C0}{FFFFFF}Вы всегда можете отключить авто обновление в настройках.
[00:50:02] {C0C0C0}[ML] {FA9746}(system) {E0E0E0}AntiSpamForMaksQSpam: {C0C0C0}Script terminated. (0F5330E4)
[00:50:02] {C0C0C0}[ML] {FA9746}(system) {E0E0E0}arz_carslap.luac: {C0C0C0}Script terminated. (0F5344CC)
[00:50:02] {C0C0C0}[ML] {FA9746}(system) {E0E0E0}ML-AutoReboot: {C0C0C0}Script terminated. (0F534654)
[00:50:02] {C0C0C0}[ML] {FA9746}(system) {E0E0E0}BPS_FLY.lua: {C0C0C0}Script terminated. (0F5347DC)
[00:50:02] {C0C0C0}[ML] {FA9746}(system) {E0E0E0}ButilkaCrasher.lua: {C0C0C0}Script terminated. (0F534964)
[00:50:02] {C0C0C0}[ML] {FA9746}(system) {E0E0E0}bypass.lua: {C0C0C0}Script terminated. (0F534C74)
[00:50:02] {C0C0C0}[ML] {FA9746}(system) {E0E0E0}bypasser.lua: {C0C0C0}Script terminated. (0F5333F4)
[00:50:02] {C0C0C0}[ML] {FA9746}(system) {E0E0E0}carshot.lua: {C0C0C0}Script terminated. (134E3D24)
[00:50:02] {C0C0C0}[ML] {FA9746}(system) {E0E0E0}CSChatAdd: {C0C0C0}Script terminated. (134E3EAC)
[00:50:02] {C0C0C0}[ML] {FA9746}(system) {E0E0E0}Check MoonLoader Updates: {C0C0C0}Script terminated. (134E4034)
[00:50:02] {C0C0C0}[ML] {FA9746}(system) {E0E0E0}CreepTonInvis.luac: {C0C0C0}Script terminated. (134E326C)
[00:50:02] {C0C0C0}[ML] {FA9746}(system) {E0E0E0}dammagerBydamag.lua: {C0C0C0}Script terminated. (134E388C)
[00:50:02] {C0C0C0}[ML] {FA9746}(system) {E0E0E0}egun.luac: {C0C0C0}Script terminated. (134E4654)
[00:50:02] {C0C0C0}[ML] {FA9746}(system) {E0E0E0}EnterCar.lua: {C0C0C0}Script terminated. (134E3A14)
[00:50:02] {C0C0C0}[ML] {FA9746}(system) {E0E0E0}EnterCrasher (bypass): {C0C0C0}Script terminated. (134E3B9C)
[00:50:02] {C0C0C0}[ML] {FA9746}(system) {E0E0E0}F-CAR.lua: {C0C0C0}Script terminated. (134E41BC)
[00:50:02] {C0C0C0}[ML] {FA9746}(system) {E0E0E0}fly.luac: {C0C0C0}Script terminated. (134E47DC)
[00:50:02] {C0C0C0}[ML] {FA9746}(system) {E0E0E0}FPS_UP_UPDATE.lua: {C0C0C0}Script terminated. (134E4964)
[00:50:02] {C0C0C0}[ML] {FA9746}(system) {E0E0E0}gagarin.lua: {C0C0C0}Script terminated. (134E4AEC)
[00:50:02] {C0C0C0}[ML] {FA9746}(system) {E0E0E0}GORYASHIYCAR.luac: {C0C0C0}Script terminated. (134E4C74)
[00:50:02] {C0C0C0}[ML] {FA9746}(system) {E0E0E0}INVI.lua: {C0C0C0}Script terminated. (132CF5EC)
[00:50:02] {C0C0C0}[ML] {FA9746}(system) {E0E0E0}kickASS v2.1: {C0C0C0}Script terminated. (132D09D4)
[00:50:02] {C0C0C0}[ML] {FA9746}(system) {E0E0E0}knockdown.lua: {C0C0C0}Script terminated. (132D084C)
[00:50:02] {C0C0C0}[ML] {FA9746}(system) {E0E0E0}Multi Cheats by ]GsH[MeG@LaDo[N]: {C0C0C0}Script terminated. (132CFF1C)
[00:50:02] {C0C0C0}[ML] {FA9746}(system) {E0E0E0}POMOYKAMod: {C0C0C0}Script terminated. (132D06C4)
[00:50:02] {C0C0C0}[ML] {FA9746}(system) {E0E0E0}RainbowClist: {C0C0C0}Script terminated. (132CF464)
[00:50:02] {C0C0C0}[ML] {FA9746}(system) {E0E0E0}ML-ReloadAll: {C0C0C0}Script terminated. (132D0CE4)
[00:50:02] {C0C0C0}[ML] {FA9746}(system) {E0E0E0}scar.lua: {C0C0C0}Script terminated. (132D0B5C)
[00:50:02] {C0C0C0}[ML] {FA9746}(system) {E0E0E0}SF Integration: {C0C0C0}Script terminated. (132D00A4)
[00:50:02] {C0C0C0}[ML] {FA9746}(system) {E0E0E0}skinc: {C0C0C0}Script terminated. (132CF2DC)
[00:50:02] {C0C0C0}[ML] {FA9746}(system) {E0E0E0}SlapperBYs3nder.luac: {C0C0C0}Script terminated. (132CF154)
[00:50:02] {C0C0C0}[ML] {FA9746}(system) {E0E0E0}Spammer: {C0C0C0}Script terminated. (132D022C)
[00:50:02] {C0C0C0}[ML] {FA9746}(system) {E0E0E0}spoka0_3.luac: {C0C0C0}Script terminated. (132D0E6C)
[00:50:02] {C0C0C0}[ML] {FA9746}(system) {E0E0E0}stopcars.lua: {C0C0C0}Script terminated. (132D03B4)
[00:50:02] {C0C0C0}[ML] {FA9746}(system) {E0E0E0}Stopper: {C0C0C0}Script terminated. (132CF774)
[00:50:02] {C0C0C0}[ML] {FA9746}(system) {E0E0E0}syncer.lua: {C0C0C0}Script terminated. (132CF8FC)
[00:50:02] {C0C0C0}[ML] {FA9746}(system) {E0E0E0}Teleport.luac: {C0C0C0}Script terminated. (132CFA84)
[00:50:02] {C0C0C0}[ML] {FA9746}(system) {E0E0E0}CSChatAdd: {C0C0C0}Script terminated. (132CFC0C)
[00:50:02] {C0C0C0}[ML] {FA9746}(system) {E0E0E0}thrower.luac: {C0C0C0}Script terminated. (132CFD94)
[00:50:02] {C0C0C0}[ML] {FA9746}(system) {E0E0E0}UltraFuck: {C0C0C0}Script terminated. (132D053C)
[00:50:02] {C0C0C0}[ML] {FA9746}(system) {E0E0E0}underground death.luac: {C0C0C0}Script terminated. (13333214)
[00:50:02] {C0C0C0}[ML] {FA9746}(system) {E0E0E0}vcrash.lua: {C0C0C0}Script terminated. (1333213C)
[00:50:02] {C0C0C0}[ML] {FA9746}(system) {E0E0E0}VCrashModify: {C0C0C0}Script terminated. (13332BF4)
[00:50:02] {C0C0C0}[ML] {FA9746}(system) {E0E0E0}wheeldestroyer.lua: {C0C0C0}Script terminated. (13331E2C)
[00:50:02] {C0C0C0}[ML] {FA9746}(system) {E0E0E0}zzzz_astpn (no pickups).lua: {C0C0C0}Script terminated. (133339BC)
[00:50:02] {C0C0C0}[ML] {FA9746}(system) {E0E0E0}zzzz_astpn.lua: {C0C0C0}Script terminated. (133322C4)
[00:50:02] {C0C0C0}[ML] {FA9746}(system) {E0E0E0}speed.lua: {C0C0C0}Script terminated. (13331FB4)
[00:50:02] {C0C0C0}[ML] {FA9746}(system) {C0C0C0}Loading script 'Y:\Games\SAMP-Sborka-By-Kiko\moonloader\AntiRvanka.lua'...
[00:50:02] {C0C0C0}[ML] {FA9746}(system) {E0E0E0}AntiRvanka.lua: {C0C0C0}Loaded successfully.
[00:50:02] {C0C0C0}[ML] {FA9746}(system) {C0C0C0}Loading script 'Y:\Games\SAMP-Sborka-By-Kiko\moonloader\AntiSpammerForMaksQSpammer.lua'...
[00:50:02] {C0C0C0}[ML] {FA9746}(system) {E0E0E0}AntiSpamForMaksQSpam: {C0C0C0}Loaded successfully.
[00:50:02] {C0C0C0}[ML] {FA9746}(system) {C0C0C0}Loading script 'Y:\Games\SAMP-Sborka-By-Kiko\moonloader\arz_carslap.luac'...
[00:50:02] {C0C0C0}[ML] {FA9746}(system) {E0E0E0}arz_carslap.luac: {C0C0C0}Loaded successfully.
[00:50:02] {C0C0C0}[ML] {FA9746}(system) {C0C0C0}Loading script 'Y:\Games\SAMP-Sborka-By-Kiko\moonloader\AutoReboot.lua'...
[00:50:02] {C0C0C0}[ML] {FA9746}(system) {E0E0E0}ML-AutoReboot: {C0C0C0}Loaded successfully.
[00:50:02] {C0C0C0}[ML] {FA9746}(system) {C0C0C0}Loading script 'Y:\Games\SAMP-Sborka-By-Kiko\moonloader\BPS_FLY.lua'...
[00:50:02] {C0C0C0}[ML] {FA9746}(system) {E0E0E0}BPS_FLY.lua: {C0C0C0}Loaded successfully.
[00:50:02] {C0C0C0}[ML] {FA9746}(system) {C0C0C0}Loading script 'Y:\Games\SAMP-Sborka-By-Kiko\moonloader\ButilkaCrasher.lua'...
[00:50:02] {C0C0C0}[ML] {FA9746}(system) {E0E0E0}ButilkaCrasher.lua: {C0C0C0}Loaded successfully.
[00:50:02] {C0C0C0}[ML] {FA9746}(system) {C0C0C0}Loading script 'Y:\Games\SAMP-Sborka-By-Kiko\moonloader\bypass.lua'...
[00:50:02] {C0C0C0}[ML] {FA9746}(system) {E0E0E0}bypass.lua: {C0C0C0}Loaded successfully.
[00:50:02] {C0C0C0}[ML] {FA9746}(system) {C0C0C0}Loading script 'Y:\Games\SAMP-Sborka-By-Kiko\moonloader\bypasser.lua'...
[00:50:02] {C0C0C0}[ML] {FA9746}(system) {E0E0E0}bypasser.lua: {C0C0C0}Loaded successfully.
[00:50:02] {C0C0C0}[ML] {FA9746}(system) {C0C0C0}Loading script 'Y:\Games\SAMP-Sborka-By-Kiko\moonloader\carshot.lua'...
[00:50:02] {C0C0C0}[ML] {FA9746}(system) {E0E0E0}carshot.lua: {C0C0C0}Loaded successfully.
[00:50:02] {C0C0C0}[ML] {FA9746}(system) {C0C0C0}Loading script 'Y:\Games\SAMP-Sborka-By-Kiko\moonloader\carshot_chat_add.lua'...
[00:50:02] {C0C0C0}[ML] {FA9746}(system) {E0E0E0}CSChatAdd: {C0C0C0}Loaded successfully.
[00:50:02] {C0C0C0}[ML] {FA9746}(system) {C0C0C0}Loading script 'Y:\Games\SAMP-Sborka-By-Kiko\moonloader\CheatHelper.lua'...
[00:50:02] {C0C0C0}[ML] {FA9746}(system) {E0E0E0}CheatHelper: {C0C0C0}Loaded successfully.
[00:50:02] {C0C0C0}[ML] {FA9746}(system) {C0C0C0}Loading script 'Y:\Games\SAMP-Sborka-By-Kiko\moonloader\check-moonloader-updates.lua'...
[00:50:02] {C0C0C0}[ML] {FA9746}(system) {E0E0E0}Check MoonLoader Updates: {C0C0C0}Loaded successfully.
[00:50:02] {C0C0C0}[ML] {FA9746}(system) {C0C0C0}Loading script 'Y:\Games\SAMP-Sborka-By-Kiko\moonloader\CreepTonInvis.luac'...
[00:50:02] {C0C0C0}[ML] {FA9746}(system) {E0E0E0}CreepTonInvis.luac: {C0C0C0}Loaded successfully.
[00:50:02] {C0C0C0}[ML] {FA9746}(system) {C0C0C0}Loading script 'Y:\Games\SAMP-Sborka-By-Kiko\moonloader\dammagerBydamag.lua'...
[00:50:02] {C0C0C0}[ML] {FA9746}(system) {E0E0E0}dammagerBydamag.lua: {C0C0C0}Loaded successfully.
[00:50:02] {C0C0C0}[ML] {FA9746}(system) {C0C0C0}Loading script 'Y:\Games\SAMP-Sborka-By-Kiko\moonloader\egun.luac'...
[00:50:02] {C0C0C0}[ML] {FA9746}(system) {E0E0E0}egun.luac: {C0C0C0}Loaded successfully.
[00:50:02] {C0C0C0}[ML] {FA9746}(system) {C0C0C0}Loading script 'Y:\Games\SAMP-Sborka-By-Kiko\moonloader\EnterCar.lua'...
[00:50:02] {C0C0C0}[ML] {FA9746}(system) {E0E0E0}EnterCar.lua: {C0C0C0}Loaded successfully.
[00:50:02] {C0C0C0}[ML] {FA9746}(system) {C0C0C0}Loading script 'Y:\Games\SAMP-Sborka-By-Kiko\moonloader\EnterCrasher (bypass).lua'...
[00:50:02] {C0C0C0}[ML] {FA9746}(system) {E0E0E0}EnterCrasher (bypass): {C0C0C0}Loaded successfully.
[00:50:02] {C0C0C0}[ML] {FA9746}(system) {C0C0C0}Loading script 'Y:\Games\SAMP-Sborka-By-Kiko\moonloader\F-CAR.lua'...
[00:50:02] {C0C0C0}[ML] {FA9746}(system) {E0E0E0}F-CAR.lua: {C0C0C0}Loaded successfully.
[00:50:02] {C0C0C0}[ML] {FA9746}(system) {C0C0C0}Loading script 'Y:\Games\SAMP-Sborka-By-Kiko\moonloader\fly.luac'...
[00:50:02] {C0C0C0}[ML] {FA9746}(system) {E0E0E0}fly.luac: {C0C0C0}Loaded successfully.
[00:50:02] {C0C0C0}[ML] {FA9746}(system) {C0C0C0}Loading script 'Y:\Games\SAMP-Sborka-By-Kiko\moonloader\FPS_UP_UPDATE.lua'...
[00:50:02] {C0C0C0}[ML] {FA9746}(system) {E0E0E0}FPS_UP_UPDATE.lua: {C0C0C0}Loaded successfully.
[00:50:02] {C0C0C0}[ML] {FA9746}(system) {C0C0C0}Loading script 'Y:\Games\SAMP-Sborka-By-Kiko\moonloader\gagarin.lua'...
[00:50:02] {C0C0C0}[ML] {FA9746}(system) {E0E0E0}gagarin.lua: {C0C0C0}Loaded successfully.
[00:50:02] {C0C0C0}[ML] {FA9746}(system) {C0C0C0}Loading script 'Y:\Games\SAMP-Sborka-By-Kiko\moonloader\GORYASHIYCAR.luac'...
[00:50:02] {C0C0C0}[ML] {FA9746}(system) {E0E0E0}GORYASHIYCAR.luac: {C0C0C0}Loaded successfully.
[00:50:02] {C0C0C0}[ML] {FA9746}(system) {C0C0C0}Loading script 'Y:\Games\SAMP-Sborka-By-Kiko\moonloader\INVI.lua'...
[00:50:02] {C0C0C0}[ML] {FA9746}(system) {E0E0E0}INVI.lua: {C0C0C0}Loaded successfully.
[00:50:02] {C0C0C0}[ML] {FA9746}(system) {C0C0C0}Loading script 'Y:\Games\SAMP-Sborka-By-Kiko\moonloader\kickASS.lua'...
[00:50:02] {C0C0C0}[ML] {FA9746}(system) {E0E0E0}kickASS v2.1: {C0C0C0}Loaded successfully.
[00:50:02] {C0C0C0}[ML] {FA9746}(system) {C0C0C0}Loading script 'Y:\Games\SAMP-Sborka-By-Kiko\moonloader\knockdown.lua'...
[00:50:02] {C0C0C0}[ML] {FA9746}(system) {E0E0E0}knockdown.lua: {C0C0C0}Loaded successfully.
[00:50:02] {C0C0C0}[ML] {FA9746}(system) {C0C0C0}Loading script 'Y:\Games\SAMP-Sborka-By-Kiko\moonloader\Multi_AyE_Cheats_by ]GsH[MeG@LaDo[N].luac'...
[00:50:02] {C0C0C0}[ML] {FA9746}(system) {E0E0E0}Multi Cheats by ]GsH[MeG@LaDo[N]: {C0C0C0}Loaded successfully.
[00:50:02] {C0C0C0}[ML] {FA9746}(system) {C0C0C0}Loading script 'Y:\Games\SAMP-Sborka-By-Kiko\moonloader\POMOYKA MODE.lua'...
[00:50:02] {C0C0C0}[ML] {FA9746}(system) {E0E0E0}POMOYKAMod: {C0C0C0}Loaded successfully.
[00:50:02] {C0C0C0}[ML] {FA9746}(system) {C0C0C0}Loading script 'Y:\Games\SAMP-Sborka-By-Kiko\moonloader\RainbowClist.lua'...
[00:50:02] {C0C0C0}[ML] {FA9746}(system) {E0E0E0}RainbowClist: {C0C0C0}Loaded successfully.
[00:50:02] {C0C0C0}[ML] {FA9746}(system) {C0C0C0}Loading script 'Y:\Games\SAMP-Sborka-By-Kiko\moonloader\reload_all.lua'...
[00:50:02] {C0C0C0}[ML] {FA9746}(system) {E0E0E0}ML-ReloadAll: {C0C0C0}Loaded successfully.
[00:50:02] {C0C0C0}[ML] {FA9746}(system) {C0C0C0}Loading script 'Y:\Games\SAMP-Sborka-By-Kiko\moonloader\scar.lua'...
[00:50:02] {C0C0C0}[ML] {FA9746}(system) {E0E0E0}scar.lua: {C0C0C0}Loaded successfully.
[00:50:02] {C0C0C0}[ML] {FA9746}(system) {C0C0C0}Loading script 'Y:\Games\SAMP-Sborka-By-Kiko\moonloader\SF Integration.lua'...
[00:50:02] {C0C0C0}[ML] {FA9746}(system) {E0E0E0}SF Integration: {C0C0C0}Loaded successfully.
[00:50:02] {C0C0C0}[ML] {FA9746}(system) {C0C0C0}Loading script 'Y:\Games\SAMP-Sborka-By-Kiko\moonloader\skinc.lua'...
[00:50:02] {C0C0C0}[ML] {FA9746}(system) {E0E0E0}skinc: {C0C0C0}Loaded successfully.
[00:50:02] {C0C0C0}[ML] {FA9746}(system) {C0C0C0}Loading script 'Y:\Games\SAMP-Sborka-By-Kiko\moonloader\SlapperBYs3nder.luac'...
[00:50:02] {C0C0C0}[ML] {FA9746}(system) {E0E0E0}SlapperBYs3nder.luac: {C0C0C0}Loaded successfully.
[00:50:02] {C0C0C0}[ML] {FA9746}(system) {C0C0C0}Loading script 'Y:\Games\SAMP-Sborka-By-Kiko\moonloader\spammer.lua'...
[00:50:02] {C0C0C0}[ML] {FA9746}(system) {E0E0E0}Spammer: {C0C0C0}Loaded successfully.
[00:50:02] {C0C0C0}[ML] {FA9746}(system) {C0C0C0}Loading script 'Y:\Games\SAMP-Sborka-By-Kiko\moonloader\spoka0_3.luac'...
[00:50:02] {C0C0C0}[ML] {FA9746}(system) {E0E0E0}spoka0_3.luac: {C0C0C0}Loaded successfully.
[00:50:02] {C0C0C0}[ML] {FA9746}(system) {C0C0C0}Loading script 'Y:\Games\SAMP-Sborka-By-Kiko\moonloader\stopcars.lua'...
[00:50:02] {C0C0C0}[ML] {FA9746}(system) {E0E0E0}stopcars.lua: {C0C0C0}Loaded successfully.
[00:50:02] {C0C0C0}[ML] {FA9746}(system) {C0C0C0}Loading script 'Y:\Games\SAMP-Sborka-By-Kiko\moonloader\Stopper.lua'...
[00:50:02] {C0C0C0}[ML] {FA9746}(system) {E0E0E0}Stopper: {C0C0C0}Loaded successfully.
[00:50:02] {C0C0C0}[ML] {FA9746}(system) {C0C0C0}Loading script 'Y:\Games\SAMP-Sborka-By-Kiko\moonloader\syncer.lua'...
[00:50:02] {C0C0C0}[ML] {FA9746}(system) {E0E0E0}syncer.lua: {C0C0C0}Loaded successfully.
[00:50:02] {C0C0C0}[ML] {FA9746}(system) {C0C0C0}Loading script 'Y:\Games\SAMP-Sborka-By-Kiko\moonloader\Teleport.luac'...
[00:50:02] {C0C0C0}[ML] {FA9746}(system) {E0E0E0}Teleport.luac: {C0C0C0}Loaded successfully.
[00:50:02] {C0C0C0}[ML] {FA9746}(system) {C0C0C0}Loading script 'Y:\Games\SAMP-Sborka-By-Kiko\moonloader\textdrawreplace.lua'...
[00:50:02] {C0C0C0}[ML] {FA9746}(system) {E0E0E0}CSChatAdd: {C0C0C0}Loaded successfully.
[00:50:02] {C0C0C0}[ML] {FA9746}(system) {C0C0C0}Loading script 'Y:\Games\SAMP-Sborka-By-Kiko\moonloader\thrower.luac'...
[00:50:02] {C0C0C0}[ML] {FA9746}(system) {E0E0E0}thrower.luac: {C0C0C0}Loaded successfully.
[00:50:02] {C0C0C0}[ML] {FA9746}(system) {C0C0C0}Loading script 'Y:\Games\SAMP-Sborka-By-Kiko\moonloader\UltraFuck.luac'...
[00:50:02] {C0C0C0}[ML] {FA9746}(system) {E0E0E0}UltraFuck: {C0C0C0}Loaded successfully.
[00:50:02] {C0C0C0}[ML] {FA9746}(system) {C0C0C0}Loading script 'Y:\Games\SAMP-Sborka-By-Kiko\moonloader\underground death.luac'...
[00:50:02] {C0C0C0}[ML] {FA9746}(system) {E0E0E0}underground death.luac: {C0C0C0}Loaded successfully.
[00:50:02] {C0C0C0}[ML] {FA9746}(system) {C0C0C0}Loading script 'Y:\Games\SAMP-Sborka-By-Kiko\moonloader\vcrash.lua'...
[00:50:02] {C0C0C0}[ML] {FA9746}(system) {E0E0E0}vcrash.lua: {C0C0C0}Loaded successfully.
[00:50:02] {C0C0C0}[ML] {FA9746}(system) {C0C0C0}Loading script 'Y:\Games\SAMP-Sborka-By-Kiko\moonloader\VCrashModify.lua'...
[00:50:02] {C0C0C0}[ML] {FA9746}(system) {E0E0E0}VCrashModify: {C0C0C0}Loaded successfully.
[00:50:02] {C0C0C0}[ML] {FA9746}(system) {C0C0C0}Loading script 'Y:\Games\SAMP-Sborka-By-Kiko\moonloader\wheeldestroyer.lua'...
[00:50:02] {C0C0C0}[ML] {FA9746}(system) {E0E0E0}wheeldestroyer.lua: {C0C0C0}Loaded successfully.
[00:50:02] {C0C0C0}[ML] {FA9746}(system) {C0C0C0}Loading script 'Y:\Games\SAMP-Sborka-By-Kiko\moonloader\zzzz_astpn (no pickups).lua'...
[00:50:02] {C0C0C0}[ML] {FA9746}(system) {E0E0E0}zzzz_astpn (no pickups).lua: {C0C0C0}Loaded successfully.
[00:50:02] {C0C0C0}[ML] {FA9746}(system) {C0C0C0}Loading script 'Y:\Games\SAMP-Sborka-By-Kiko\moonloader\zzzz_astpn.lua'...
[00:50:02] {C0C0C0}[ML] {FA9746}(system) {E0E0E0}zzzz_astpn.lua: {C0C0C0}Loaded successfully.
[00:50:03] {C0C0C0}[ML] {FA9746}(system) {C0C0C0}Loading script 'Y:\Games\SAMP-Sborka-By-Kiko\moonloader\config\UltraFuck\Scripts\speed.lua'...
[00:50:03] {C0C0C0}[ML] {FA9746}(system) {E0E0E0}speed.lua: {C0C0C0}Loaded successfully.
[00:50:03] {C0C0C0}[ML] {7DD156}(script) {E0E0E0}UltraFuck: {C0C0C0}{FFFFFF}Обновления не были найдены, текущая версия 2.31
[00:50:03] {C0C0C0}[ML] {7DD156}(script) {E0E0E0}UltraFuck: {C0C0C0}{FFFFFF}Вы всегда можете отключить авто обновление в настройках.
[00:50:04] {C0C0C0}[ML] {FF7070}(error) {E0E0E0}CheatHelper: {C0C0C0}Y:\Games\SAMP-Sborka-By-Kiko\moonloader\CheatHelper.lua:82: attempt to index field 'info' (a nil value)
stack traceback:
	Y:\Games\SAMP-Sborka-By-Kiko\moonloader\CheatHelper.lua:82: in function <Y:\Games\SAMP-Sborka-By-Kiko\moonloader\CheatHelper.lua:79>
[00:50:04] {C0C0C0}[ML] {FF7070}(error) {E0E0E0}CheatHelper: {C0C0C0}Script died due to an error. (134E3D24)
[00:51:14] {C0C0C0}[ML] {FA9746}(system) {E0E0E0}AntiRvanka.lua: {C0C0C0}Script terminated. (134E3EAC)
[00:51:14] {C0C0C0}[ML] {FA9746}(system) {E0E0E0}AntiSpamForMaksQSpam: {C0C0C0}Script terminated. (134E44CC)
[00:51:14] {C0C0C0}[ML] {FA9746}(system) {E0E0E0}arz_carslap.luac: {C0C0C0}Script terminated. (134E326C)
[00:51:14] {C0C0C0}[ML] {FA9746}(system) {E0E0E0}ML-AutoReboot: {C0C0C0}Script terminated. (134E41BC)
[00:51:14] {C0C0C0}[ML] {FA9746}(system) {E0E0E0}BPS_FLY.lua: {C0C0C0}Script terminated. (134E3704)
[00:51:14] {C0C0C0}[ML] {FA9746}(system) {E0E0E0}ButilkaCrasher.lua: {C0C0C0}Script terminated. (134E3B9C)
[00:51:14] {C0C0C0}[ML] {FA9746}(system) {E0E0E0}bypass.lua: {C0C0C0}Script terminated. (134E4AEC)
[00:51:14] {C0C0C0}[ML] {FA9746}(system) {E0E0E0}bypasser.lua: {C0C0C0}Script terminated. (134E4344)
[00:51:14] {C0C0C0}[ML] {FA9746}(system) {E0E0E0}carshot.lua: {C0C0C0}Script terminated. (134E30E4)
[00:51:14] {C0C0C0}[ML] {FA9746}(system) {E0E0E0}CSChatAdd: {C0C0C0}Script terminated. (134E3A14)
[00:51:14] {C0C0C0}[ML] {FA9746}(system) {E0E0E0}Check MoonLoader Updates: {C0C0C0}Script terminated. (134E4964)
[00:51:14] {C0C0C0}[ML] {FA9746}(system) {E0E0E0}CreepTonInvis.luac: {C0C0C0}Script terminated. (134E4654)
[00:51:14] {C0C0C0}[ML] {FA9746}(system) {E0E0E0}dammagerBydamag.lua: {C0C0C0}Script terminated. (0F450A44)
[00:51:14] {C0C0C0}[ML] {FA9746}(system) {E0E0E0}egun.luac: {C0C0C0}Script terminated. (0F450BCC)
[00:51:14] {C0C0C0}[ML] {FA9746}(system) {E0E0E0}EnterCar.lua: {C0C0C0}Script terminated. (0F4514FC)
[00:51:14] {C0C0C0}[ML] {FA9746}(system) {E0E0E0}EnterCrasher (bypass): {C0C0C0}Script terminated. (0F451684)
[00:51:14] {C0C0C0}[ML] {FA9746}(system) {E0E0E0}F-CAR.lua: {C0C0C0}Script terminated. (0F45180C)
[00:51:14] {C0C0C0}[ML] {FA9746}(system) {E0E0E0}fly.luac: {C0C0C0}Script terminated. (0F451CA4)
[00:51:14] {C0C0C0}[ML] {FA9746}(system) {E0E0E0}FPS_UP_UPDATE.lua: {C0C0C0}Script terminated. (0F451E2C)
[00:51:14] {C0C0C0}[ML] {FA9746}(system) {E0E0E0}gagarin.lua: {C0C0C0}Script terminated. (0F450114)
[00:51:14] {C0C0C0}[ML] {FA9746}(system) {E0E0E0}GORYASHIYCAR.luac: {C0C0C0}Script terminated. (0F45029C)
[00:51:14] {C0C0C0}[ML] {FA9746}(system) {E0E0E0}INVI.lua: {C0C0C0}Script terminated. (0F450424)
[00:51:14] {C0C0C0}[ML] {FA9746}(system) {E0E0E0}kickASS v2.1: {C0C0C0}Script terminated. (0F4505AC)
[00:51:14] {C0C0C0}[ML] {FA9746}(system) {E0E0E0}knockdown.lua: {C0C0C0}Script terminated. (0F4508BC)
[00:51:14] {C0C0C0}[ML] {FA9746}(system) {E0E0E0}Multi Cheats by ]GsH[MeG@LaDo[N]: {C0C0C0}Script terminated. (0F450D54)
[00:51:14] {C0C0C0}[ML] {FA9746}(system) {E0E0E0}POMOYKAMod: {C0C0C0}Script terminated. (0F450EDC)
[00:51:14] {C0C0C0}[ML] {FA9746}(system) {E0E0E0}RainbowClist: {C0C0C0}Script terminated. (0F534344)
[00:51:14] {C0C0C0}[ML] {FA9746}(system) {E0E0E0}ML-ReloadAll: {C0C0C0}Script terminated. (0F5344CC)
[00:51:14] {C0C0C0}[ML] {FA9746}(system) {E0E0E0}scar.lua: {C0C0C0}Script terminated. (0F5333F4)
[00:51:14] {C0C0C0}[ML] {FA9746}(system) {E0E0E0}SF Integration: {C0C0C0}Script terminated. (0F53326C)
[00:51:14] {C0C0C0}[ML] {FA9746}(system) {E0E0E0}skinc: {C0C0C0}Script terminated. (0F5347DC)
[00:51:14] {C0C0C0}[ML] {FA9746}(system) {E0E0E0}SlapperBYs3nder.luac: {C0C0C0}Script terminated. (0F534654)
[00:51:14] {C0C0C0}[ML] {FA9746}(system) {E0E0E0}Spammer: {C0C0C0}Script terminated. (0F533A14)
[00:51:14] {C0C0C0}[ML] {FA9746}(system) {E0E0E0}spoka0_3.luac: {C0C0C0}Script terminated. (0F5330E4)
[00:51:14] {C0C0C0}[ML] {FA9746}(system) {E0E0E0}stopcars.lua: {C0C0C0}Script terminated. (0F533B9C)
[00:51:14] {C0C0C0}[ML] {FA9746}(system) {E0E0E0}Stopper: {C0C0C0}Script terminated. (0F534964)
[00:51:14] {C0C0C0}[ML] {FA9746}(system) {E0E0E0}syncer.lua: {C0C0C0}Script terminated. (0F53357C)
[00:51:14] {C0C0C0}[ML] {FA9746}(system) {E0E0E0}Teleport.luac: {C0C0C0}Script terminated. (0F533D24)
[00:51:14] {C0C0C0}[ML] {FA9746}(system) {E0E0E0}CSChatAdd: {C0C0C0}Script terminated. (0F534AEC)
[00:51:14] {C0C0C0}[ML] {FA9746}(system) {E0E0E0}thrower.luac: {C0C0C0}Script terminated. (0F534C74)
[00:51:14] {C0C0C0}[ML] {FA9746}(system) {E0E0E0}UltraFuck: {C0C0C0}Script terminated. (0F534DFC)
[00:51:14] {C0C0C0}[ML] {FA9746}(system) {E0E0E0}underground death.luac: {C0C0C0}Script terminated. (133339BC)
[00:51:14] {C0C0C0}[ML] {FA9746}(system) {E0E0E0}vcrash.lua: {C0C0C0}Script terminated. (13331E2C)
[00:51:14] {C0C0C0}[ML] {FA9746}(system) {E0E0E0}VCrashModify: {C0C0C0}Script terminated. (13332BF4)
[00:51:14] {C0C0C0}[ML] {FA9746}(system) {E0E0E0}wheeldestroyer.lua: {C0C0C0}Script terminated. (13331FB4)
[00:51:14] {C0C0C0}[ML] {FA9746}(system) {E0E0E0}zzzz_astpn (no pickups).lua: {C0C0C0}Script terminated. (1333213C)
[00:51:14] {C0C0C0}[ML] {FA9746}(system) {E0E0E0}zzzz_astpn.lua: {C0C0C0}Script terminated. (13333214)
[00:51:14] {C0C0C0}[ML] {FA9746}(system) {E0E0E0}speed.lua: {C0C0C0}Script terminated. (133322C4)
[00:51:14] {C0C0C0}[ML] {FA9746}(system) {C0C0C0}Loading script 'Y:\Games\SAMP-Sborka-By-Kiko\moonloader\AntiRvanka.lua'...
[00:51:14] {C0C0C0}[ML] {FA9746}(system) {E0E0E0}AntiRvanka.lua: {C0C0C0}Loaded successfully.
[00:51:14] {C0C0C0}[ML] {FA9746}(system) {C0C0C0}Loading script 'Y:\Games\SAMP-Sborka-By-Kiko\moonloader\AntiSpammerForMaksQSpammer.lua'...
[00:51:14] {C0C0C0}[ML] {FA9746}(system) {E0E0E0}AntiSpamForMaksQSpam: {C0C0C0}Loaded successfully.
[00:51:14] {C0C0C0}[ML] {FA9746}(system) {C0C0C0}Loading script 'Y:\Games\SAMP-Sborka-By-Kiko\moonloader\arz_carslap.luac'...
[00:51:14] {C0C0C0}[ML] {FA9746}(system) {E0E0E0}arz_carslap.luac: {C0C0C0}Loaded successfully.
[00:51:14] {C0C0C0}[ML] {FA9746}(system) {C0C0C0}Loading script 'Y:\Games\SAMP-Sborka-By-Kiko\moonloader\AutoReboot.lua'...
[00:51:14] {C0C0C0}[ML] {FA9746}(system) {E0E0E0}ML-AutoReboot: {C0C0C0}Loaded successfully.
[00:51:14] {C0C0C0}[ML] {FA9746}(system) {C0C0C0}Loading script 'Y:\Games\SAMP-Sborka-By-Kiko\moonloader\BPS_FLY.lua'...
[00:51:14] {C0C0C0}[ML] {FA9746}(system) {E0E0E0}BPS_FLY.lua: {C0C0C0}Loaded successfully.
[00:51:14] {C0C0C0}[ML] {FA9746}(system) {C0C0C0}Loading script 'Y:\Games\SAMP-Sborka-By-Kiko\moonloader\ButilkaCrasher.lua'...
[00:51:14] {C0C0C0}[ML] {FA9746}(system) {E0E0E0}ButilkaCrasher.lua: {C0C0C0}Loaded successfully.
[00:51:14] {C0C0C0}[ML] {FA9746}(system) {C0C0C0}Loading script 'Y:\Games\SAMP-Sborka-By-Kiko\moonloader\bypass.lua'...
[00:51:14] {C0C0C0}[ML] {FA9746}(system) {E0E0E0}bypass.lua: {C0C0C0}Loaded successfully.
[00:51:14] {C0C0C0}[ML] {FA9746}(system) {C0C0C0}Loading script 'Y:\Games\SAMP-Sborka-By-Kiko\moonloader\bypasser.lua'...
[00:51:14] {C0C0C0}[ML] {FA9746}(system) {E0E0E0}bypasser.lua: {C0C0C0}Loaded successfully.
[00:51:14] {C0C0C0}[ML] {FA9746}(system) {C0C0C0}Loading script 'Y:\Games\SAMP-Sborka-By-Kiko\moonloader\carshot.lua'...
[00:51:14] {C0C0C0}[ML] {FA9746}(system) {E0E0E0}carshot.lua: {C0C0C0}Loaded successfully.
[00:51:14] {C0C0C0}[ML] {FA9746}(system) {C0C0C0}Loading script 'Y:\Games\SAMP-Sborka-By-Kiko\moonloader\carshot_chat_add.lua'...
[00:51:14] {C0C0C0}[ML] {FA9746}(system) {E0E0E0}CSChatAdd: {C0C0C0}Loaded successfully.
[00:51:14] {C0C0C0}[ML] {FA9746}(system) {C0C0C0}Loading script 'Y:\Games\SAMP-Sborka-By-Kiko\moonloader\CheatHelper.lua'...
[00:51:14] {C0C0C0}[ML] {FA9746}(system) {E0E0E0}CheatHelper: {C0C0C0}Loaded successfully.
[00:51:14] {C0C0C0}[ML] {FA9746}(system) {C0C0C0}Loading script 'Y:\Games\SAMP-Sborka-By-Kiko\moonloader\check-moonloader-updates.lua'...
[00:51:14] {C0C0C0}[ML] {FA9746}(system) {E0E0E0}Check MoonLoader Updates: {C0C0C0}Loaded successfully.
[00:51:14] {C0C0C0}[ML] {FA9746}(system) {C0C0C0}Loading script 'Y:\Games\SAMP-Sborka-By-Kiko\moonloader\CreepTonInvis.luac'...
[00:51:14] {C0C0C0}[ML] {FA9746}(system) {E0E0E0}CreepTonInvis.luac: {C0C0C0}Loaded successfully.
[00:51:14] {C0C0C0}[ML] {FA9746}(system) {C0C0C0}Loading script 'Y:\Games\SAMP-Sborka-By-Kiko\moonloader\dammagerBydamag.lua'...
[00:51:14] {C0C0C0}[ML] {FA9746}(system) {E0E0E0}dammagerBydamag.lua: {C0C0C0}Loaded successfully.
[00:51:14] {C0C0C0}[ML] {FA9746}(system) {C0C0C0}Loading script 'Y:\Games\SAMP-Sborka-By-Kiko\moonloader\egun.luac'...
[00:51:14] {C0C0C0}[ML] {FA9746}(system) {E0E0E0}egun.luac: {C0C0C0}Loaded successfully.
[00:51:14] {C0C0C0}[ML] {FA9746}(system) {C0C0C0}Loading script 'Y:\Games\SAMP-Sborka-By-Kiko\moonloader\EnterCar.lua'...
[00:51:14] {C0C0C0}[ML] {FA9746}(system) {E0E0E0}EnterCar.lua: {C0C0C0}Loaded successfully.
[00:51:14] {C0C0C0}[ML] {FA9746}(system) {C0C0C0}Loading script 'Y:\Games\SAMP-Sborka-By-Kiko\moonloader\EnterCrasher (bypass).lua'...
[00:51:14] {C0C0C0}[ML] {FA9746}(system) {E0E0E0}EnterCrasher (bypass): {C0C0C0}Loaded successfully.
[00:51:14] {C0C0C0}[ML] {FA9746}(system) {C0C0C0}Loading script 'Y:\Games\SAMP-Sborka-By-Kiko\moonloader\F-CAR.lua'...
[00:51:14] {C0C0C0}[ML] {FA9746}(system) {E0E0E0}F-CAR.lua: {C0C0C0}Loaded successfully.
[00:51:14] {C0C0C0}[ML] {FA9746}(system) {C0C0C0}Loading script 'Y:\Games\SAMP-Sborka-By-Kiko\moonloader\fly.luac'...
[00:51:14] {C0C0C0}[ML] {FA9746}(system) {E0E0E0}fly.luac: {C0C0C0}Loaded successfully.
[00:51:14] {C0C0C0}[ML] {FA9746}(system) {C0C0C0}Loading script 'Y:\Games\SAMP-Sborka-By-Kiko\moonloader\FPS_UP_UPDATE.lua'...
[00:51:14] {C0C0C0}[ML] {FA9746}(system) {E0E0E0}FPS_UP_UPDATE.lua: {C0C0C0}Loaded successfully.
[00:51:14] {C0C0C0}[ML] {FA9746}(system) {C0C0C0}Loading script 'Y:\Games\SAMP-Sborka-By-Kiko\moonloader\gagarin.lua'...
[00:51:14] {C0C0C0}[ML] {FA9746}(system) {E0E0E0}gagarin.lua: {C0C0C0}Loaded successfully.
[00:51:14] {C0C0C0}[ML] {FA9746}(system) {C0C0C0}Loading script 'Y:\Games\SAMP-Sborka-By-Kiko\moonloader\GORYASHIYCAR.luac'...
[00:51:14] {C0C0C0}[ML] {FA9746}(system) {E0E0E0}GORYASHIYCAR.luac: {C0C0C0}Loaded successfully.
[00:51:14] {C0C0C0}[ML] {FA9746}(system) {C0C0C0}Loading script 'Y:\Games\SAMP-Sborka-By-Kiko\moonloader\INVI.lua'...
[00:51:14] {C0C0C0}[ML] {FA9746}(system) {E0E0E0}INVI.lua: {C0C0C0}Loaded successfully.
[00:51:14] {C0C0C0}[ML] {FA9746}(system) {C0C0C0}Loading script 'Y:\Games\SAMP-Sborka-By-Kiko\moonloader\kickASS.lua'...
[00:51:14] {C0C0C0}[ML] {FA9746}(system) {E0E0E0}kickASS v2.1: {C0C0C0}Loaded successfully.
[00:51:14] {C0C0C0}[ML] {FA9746}(system) {C0C0C0}Loading script 'Y:\Games\SAMP-Sborka-By-Kiko\moonloader\knockdown.lua'...
[00:51:14] {C0C0C0}[ML] {FA9746}(system) {E0E0E0}knockdown.lua: {C0C0C0}Loaded successfully.
[00:51:14] {C0C0C0}[ML] {FA9746}(system) {C0C0C0}Loading script 'Y:\Games\SAMP-Sborka-By-Kiko\moonloader\Multi_AyE_Cheats_by ]GsH[MeG@LaDo[N].luac'...
[00:51:14] {C0C0C0}[ML] {FA9746}(system) {E0E0E0}Multi Cheats by ]GsH[MeG@LaDo[N]: {C0C0C0}Loaded successfully.
[00:51:14] {C0C0C0}[ML] {FA9746}(system) {C0C0C0}Loading script 'Y:\Games\SAMP-Sborka-By-Kiko\moonloader\POMOYKA MODE.lua'...
[00:51:14] {C0C0C0}[ML] {FA9746}(system) {E0E0E0}POMOYKAMod: {C0C0C0}Loaded successfully.
[00:51:14] {C0C0C0}[ML] {FA9746}(system) {C0C0C0}Loading script 'Y:\Games\SAMP-Sborka-By-Kiko\moonloader\RainbowClist.lua'...
[00:51:14] {C0C0C0}[ML] {FA9746}(system) {E0E0E0}RainbowClist: {C0C0C0}Loaded successfully.
[00:51:14] {C0C0C0}[ML] {FA9746}(system) {C0C0C0}Loading script 'Y:\Games\SAMP-Sborka-By-Kiko\moonloader\reload_all.lua'...
[00:51:14] {C0C0C0}[ML] {FA9746}(system) {E0E0E0}ML-ReloadAll: {C0C0C0}Loaded successfully.
[00:51:14] {C0C0C0}[ML] {FA9746}(system) {C0C0C0}Loading script 'Y:\Games\SAMP-Sborka-By-Kiko\moonloader\scar.lua'...
[00:51:14] {C0C0C0}[ML] {FA9746}(system) {E0E0E0}scar.lua: {C0C0C0}Loaded successfully.
[00:51:14] {C0C0C0}[ML] {FA9746}(system) {C0C0C0}Loading script 'Y:\Games\SAMP-Sborka-By-Kiko\moonloader\SF Integration.lua'...
[00:51:14] {C0C0C0}[ML] {FA9746}(system) {E0E0E0}SF Integration: {C0C0C0}Loaded successfully.
[00:51:14] {C0C0C0}[ML] {FA9746}(system) {C0C0C0}Loading script 'Y:\Games\SAMP-Sborka-By-Kiko\moonloader\skinc.lua'...
[00:51:14] {C0C0C0}[ML] {FA9746}(system) {E0E0E0}skinc: {C0C0C0}Loaded successfully.
[00:51:14] {C0C0C0}[ML] {FA9746}(system) {C0C0C0}Loading script 'Y:\Games\SAMP-Sborka-By-Kiko\moonloader\SlapperBYs3nder.luac'...
[00:51:14] {C0C0C0}[ML] {FA9746}(system) {E0E0E0}SlapperBYs3nder.luac: {C0C0C0}Loaded successfully.
[00:51:14] {C0C0C0}[ML] {FA9746}(system) {C0C0C0}Loading script 'Y:\Games\SAMP-Sborka-By-Kiko\moonloader\spammer.lua'...
[00:51:14] {C0C0C0}[ML] {FA9746}(system) {E0E0E0}Spammer: {C0C0C0}Loaded successfully.
[00:51:14] {C0C0C0}[ML] {FA9746}(system) {C0C0C0}Loading script 'Y:\Games\SAMP-Sborka-By-Kiko\moonloader\spoka0_3.luac'...
[00:51:14] {C0C0C0}[ML] {FA9746}(system) {E0E0E0}spoka0_3.luac: {C0C0C0}Loaded successfully.
[00:51:14] {C0C0C0}[ML] {FA9746}(system) {C0C0C0}Loading script 'Y:\Games\SAMP-Sborka-By-Kiko\moonloader\stopcars.lua'...
[00:51:14] {C0C0C0}[ML] {FA9746}(system) {E0E0E0}stopcars.lua: {C0C0C0}Loaded successfully.
[00:51:14] {C0C0C0}[ML] {FA9746}(system) {C0C0C0}Loading script 'Y:\Games\SAMP-Sborka-By-Kiko\moonloader\Stopper.lua'...
[00:51:14] {C0C0C0}[ML] {FA9746}(system) {E0E0E0}Stopper: {C0C0C0}Loaded successfully.
[00:51:14] {C0C0C0}[ML] {FA9746}(system) {C0C0C0}Loading script 'Y:\Games\SAMP-Sborka-By-Kiko\moonloader\syncer.lua'...
[00:51:14] {C0C0C0}[ML] {FA9746}(system) {E0E0E0}syncer.lua: {C0C0C0}Loaded successfully.
[00:51:14] {C0C0C0}[ML] {FA9746}(system) {C0C0C0}Loading script 'Y:\Games\SAMP-Sborka-By-Kiko\moonloader\Teleport.luac'...
[00:51:14] {C0C0C0}[ML] {FA9746}(system) {E0E0E0}Teleport.luac: {C0C0C0}Loaded successfully.
[00:51:14] {C0C0C0}[ML] {FA9746}(system) {C0C0C0}Loading script 'Y:\Games\SAMP-Sborka-By-Kiko\moonloader\textdrawreplace.lua'...
[00:51:14] {C0C0C0}[ML] {FA9746}(system) {E0E0E0}CSChatAdd: {C0C0C0}Loaded successfully.
[00:51:14] {C0C0C0}[ML] {FA9746}(system) {C0C0C0}Loading script 'Y:\Games\SAMP-Sborka-By-Kiko\moonloader\thrower.luac'...
[00:51:14] {C0C0C0}[ML] {FA9746}(system) {E0E0E0}thrower.luac: {C0C0C0}Loaded successfully.
[00:51:14] {C0C0C0}[ML] {FA9746}(system) {C0C0C0}Loading script 'Y:\Games\SAMP-Sborka-By-Kiko\moonloader\UltraFuck.luac'...
[00:51:14] {C0C0C0}[ML] {FA9746}(system) {E0E0E0}UltraFuck: {C0C0C0}Loaded successfully.
[00:51:14] {C0C0C0}[ML] {FA9746}(system) {C0C0C0}Loading script 'Y:\Games\SAMP-Sborka-By-Kiko\moonloader\underground death.luac'...
[00:51:14] {C0C0C0}[ML] {FA9746}(system) {E0E0E0}underground death.luac: {C0C0C0}Loaded successfully.
[00:51:14] {C0C0C0}[ML] {FA9746}(system) {C0C0C0}Loading script 'Y:\Games\SAMP-Sborka-By-Kiko\moonloader\vcrash.lua'...
[00:51:14] {C0C0C0}[ML] {FA9746}(system) {E0E0E0}vcrash.lua: {C0C0C0}Loaded successfully.
[00:51:14] {C0C0C0}[ML] {FA9746}(system) {C0C0C0}Loading script 'Y:\Games\SAMP-Sborka-By-Kiko\moonloader\VCrashModify.lua'...
[00:51:14] {C0C0C0}[ML] {FA9746}(system) {E0E0E0}VCrashModify: {C0C0C0}Loaded successfully.
[00:51:14] {C0C0C0}[ML] {FA9746}(system) {C0C0C0}Loading script 'Y:\Games\SAMP-Sborka-By-Kiko\moonloader\wheeldestroyer.lua'...
[00:51:14] {C0C0C0}[ML] {FA9746}(system) {E0E0E0}wheeldestroyer.lua: {C0C0C0}Loaded successfully.
[00:51:14] {C0C0C0}[ML] {FA9746}(system) {C0C0C0}Loading script 'Y:\Games\SAMP-Sborka-By-Kiko\moonloader\zzzz_astpn (no pickups).lua'...
[00:51:14] {C0C0C0}[ML] {FA9746}(system) {E0E0E0}zzzz_astpn (no pickups).lua: {C0C0C0}Loaded successfully.
[00:51:14] {C0C0C0}[ML] {FA9746}(system) {C0C0C0}Loading script 'Y:\Games\SAMP-Sborka-By-Kiko\moonloader\zzzz_astpn.lua'...
[00:51:14] {C0C0C0}[ML] {FA9746}(system) {E0E0E0}zzzz_astpn.lua: {C0C0C0}Loaded successfully.
[00:51:15] {C0C0C0}[ML] {FA9746}(system) {C0C0C0}Loading script 'Y:\Games\SAMP-Sborka-By-Kiko\moonloader\config\UltraFuck\Scripts\speed.lua'...
[00:51:15] {C0C0C0}[ML] {FA9746}(system) {E0E0E0}speed.lua: {C0C0C0}Loaded successfully.
[00:51:15] {C0C0C0}[ML] {7DD156}(script) {E0E0E0}UltraFuck: {C0C0C0}{FFFFFF}Обновления не были найдены, текущая версия 2.31
[00:51:15] {C0C0C0}[ML] {7DD156}(script) {E0E0E0}UltraFuck: {C0C0C0}{FFFFFF}Вы всегда можете отключить авто обновление в настройках.
[00:51:16] {C0C0C0}[ML] {FF7070}(error) {E0E0E0}CheatHelper: {C0C0C0}Y:\Games\SAMP-Sborka-By-Kiko\moonloader\CheatHelper.lua:82: attempt to index field 'info' (a nil value)
stack traceback:
	Y:\Games\SAMP-Sborka-By-Kiko\moonloader\CheatHelper.lua:82: in function <Y:\Games\SAMP-Sborka-By-Kiko\moonloader\CheatHelper.lua:79>
[00:51:16] {C0C0C0}[ML] {FF7070}(error) {E0E0E0}CheatHelper: {C0C0C0}Script died due to an error. (2400D5B4)
[00:52:26] {C0C0C0}[ML] {7DD156}(script) {E0E0E0}ML-AutoReboot: {C0C0C0}Loading "Y:\Games\SAMP-Sborka-By-Kiko\moonloader\CheatHelper.lua"...
[00:52:26] {C0C0C0}[ML] {FA9746}(system) {C0C0C0}Loading script 'Y:\Games\SAMP-Sborka-By-Kiko\moonloader\CheatHelper.lua'...
[00:52:26] {C0C0C0}[ML] {FA9746}(system) {E0E0E0}CheatHelper: {C0C0C0}Loaded successfully.
[00:52:28] {C0C0C0}[ML] {FA9746}(system) {E0E0E0}CheatHelper: {C0C0C0}Script terminated. (2400C354)
[00:52:28] {C0C0C0}[ML] {FA9746}(system) {C0C0C0}Loading script 'Y:\Games\SAMP-Sborka-By-Kiko\moonloader\CheatHelper.lua'...
[00:52:28] {C0C0C0}[ML] {FF7070}(error) {E0E0E0}CheatHelper.lua: {C0C0C0}Y:\Games\SAMP-Sborka-By-Kiko\moonloader\CheatHelper.lua:9: '<name>' expected near 'local'
[00:52:28] {C0C0C0}[ML] {FF7070}(error) {E0E0E0}CheatHelper.lua: {C0C0C0}Script died due to an error. (2400DBD4)
[00:52:28] {C0C0C0}[ML] {7DD156}(script) {E0E0E0}ML-AutoReboot: {C0C0C0}Loading "Y:\Games\SAMP-Sborka-By-Kiko\moonloader\CheatHelper.lua"...
[00:52:28] {C0C0C0}[ML] {FA9746}(system) {C0C0C0}Loading script 'Y:\Games\SAMP-Sborka-By-Kiko\moonloader\CheatHelper.lua'...
[00:52:28] {C0C0C0}[ML] {FF7070}(error) {E0E0E0}CheatHelper.lua: {C0C0C0}Y:\Games\SAMP-Sborka-By-Kiko\moonloader\CheatHelper.lua:9: '<name>' expected near 'local'
[00:52:28] {C0C0C0}[ML] {FF7070}(error) {E0E0E0}CheatHelper.lua: {C0C0C0}Script died due to an error. (2400C1CC)
[00:52:39] {C0C0C0}[ML] {FA9746}(system) {E0E0E0}AntiRvanka.lua: {C0C0C0}Script terminated. (2400CE0C)
[00:52:39] {C0C0C0}[ML] {FA9746}(system) {E0E0E0}AntiSpamForMaksQSpam: {C0C0C0}Script terminated. (2400C4DC)
[00:52:39] {C0C0C0}[ML] {FA9746}(system) {E0E0E0}arz_carslap.luac: {C0C0C0}Script terminated. (2400C044)
[00:52:39] {C0C0C0}[ML] {FA9746}(system) {E0E0E0}ML-AutoReboot: {C0C0C0}Script terminated. (2400D73C)
[00:52:39] {C0C0C0}[ML] {FA9746}(system) {E0E0E0}BPS_FLY.lua: {C0C0C0}Script terminated. (2400C7EC)
[00:52:39] {C0C0C0}[ML] {FA9746}(system) {E0E0E0}ButilkaCrasher.lua: {C0C0C0}Script terminated. (2400D11C)
[00:52:39] {C0C0C0}[ML] {FA9746}(system) {E0E0E0}bypass.lua: {C0C0C0}Script terminated. (2400DD5C)
[00:52:39] {C0C0C0}[ML] {FA9746}(system) {E0E0E0}bypasser.lua: {C0C0C0}Script terminated. (2400D2A4)
[00:52:39] {C0C0C0}[ML] {FA9746}(system) {E0E0E0}carshot.lua: {C0C0C0}Script terminated. (2400CC84)
[00:52:39] {C0C0C0}[ML] {FA9746}(system) {E0E0E0}CSChatAdd: {C0C0C0}Script terminated. (2400D42C)
[00:52:39] {C0C0C0}[ML] {FA9746}(system) {E0E0E0}Check MoonLoader Updates: {C0C0C0}Script terminated. (2400D8C4)
[00:52:39] {C0C0C0}[ML] {FA9746}(system) {E0E0E0}CreepTonInvis.luac: {C0C0C0}Script terminated. (0F534C74)
[00:52:39] {C0C0C0}[ML] {FA9746}(system) {E0E0E0}dammagerBydamag.lua: {C0C0C0}Script terminated. (0F533A14)
[00:52:39] {C0C0C0}[ML] {FA9746}(system) {E0E0E0}egun.luac: {C0C0C0}Script terminated. (0F5341BC)
[00:52:39] {C0C0C0}[ML] {FA9746}(system) {E0E0E0}EnterCar.lua: {C0C0C0}Script terminated. (0F5347DC)
[00:52:39] {C0C0C0}[ML] {FA9746}(system) {E0E0E0}EnterCrasher (bypass): {C0C0C0}Script terminated. (0F5330E4)
[00:52:39] {C0C0C0}[ML] {FA9746}(system) {E0E0E0}F-CAR.lua: {C0C0C0}Script terminated. (0F534344)
[00:52:39] {C0C0C0}[ML] {FA9746}(system) {E0E0E0}fly.luac: {C0C0C0}Script terminated. (0F533B9C)
[00:52:39] {C0C0C0}[ML] {FA9746}(system) {E0E0E0}FPS_UP_UPDATE.lua: {C0C0C0}Script terminated. (0F534DFC)
[00:52:39] {C0C0C0}[ML] {FA9746}(system) {E0E0E0}gagarin.lua: {C0C0C0}Script terminated. (0F5344CC)
[00:52:39] {C0C0C0}[ML] {FA9746}(system) {E0E0E0}GORYASHIYCAR.luac: {C0C0C0}Script terminated. (0F534654)
[00:52:39] {C0C0C0}[ML] {FA9746}(system) {E0E0E0}INVI.lua: {C0C0C0}Script terminated. (0F534AEC)
[00:52:39] {C0C0C0}[ML] {FA9746}(system) {E0E0E0}kickASS v2.1: {C0C0C0}Script terminated. (0F53326C)
[00:52:39] {C0C0C0}[ML] {FA9746}(system) {E0E0E0}knockdown.lua: {C0C0C0}Script terminated. (134E3B9C)
[00:52:39] {C0C0C0}[ML] {FA9746}(system) {E0E0E0}Multi Cheats by ]GsH[MeG@LaDo[N]: {C0C0C0}Script terminated. (134E326C)
[00:52:39] {C0C0C0}[ML] {FA9746}(system) {E0E0E0}POMOYKAMod: {C0C0C0}Script terminated. (134E3EAC)
[00:52:39] {C0C0C0}[ML] {FA9746}(system) {E0E0E0}RainbowClist: {C0C0C0}Script terminated. (134E4034)
[00:52:39] {C0C0C0}[ML] {FA9746}(system) {E0E0E0}ML-ReloadAll: {C0C0C0}Script terminated. (134E30E4)
[00:52:39] {C0C0C0}[ML] {FA9746}(system) {E0E0E0}scar.lua: {C0C0C0}Script terminated. (134E4654)
[00:52:39] {C0C0C0}[ML] {FA9746}(system) {E0E0E0}SF Integration: {C0C0C0}Script terminated. (134E41BC)
[00:52:39] {C0C0C0}[ML] {FA9746}(system) {E0E0E0}skinc: {C0C0C0}Script terminated. (134E44CC)
[00:52:39] {C0C0C0}[ML] {FA9746}(system) {E0E0E0}SlapperBYs3nder.luac: {C0C0C0}Script terminated. (134E4C74)
[00:52:39] {C0C0C0}[ML] {FA9746}(system) {E0E0E0}Spammer: {C0C0C0}Script terminated. (134E4AEC)
[00:52:39] {C0C0C0}[ML] {FA9746}(system) {E0E0E0}spoka0_3.luac: {C0C0C0}Script terminated. (134E47DC)
[00:52:39] {C0C0C0}[ML] {FA9746}(system) {E0E0E0}stopcars.lua: {C0C0C0}Script terminated. (134E4964)
[00:52:39] {C0C0C0}[ML] {FA9746}(system) {E0E0E0}Stopper: {C0C0C0}Script terminated. (134E2F5C)
[00:52:39] {C0C0C0}[ML] {FA9746}(system) {E0E0E0}syncer.lua: {C0C0C0}Script terminated. (134E388C)
[00:52:39] {C0C0C0}[ML] {FA9746}(system) {E0E0E0}Teleport.luac: {C0C0C0}Script terminated. (134E357C)
[00:52:39] {C0C0C0}[ML] {FA9746}(system) {E0E0E0}CSChatAdd: {C0C0C0}Script terminated. (134E4344)
[00:52:39] {C0C0C0}[ML] {FA9746}(system) {E0E0E0}thrower.luac: {C0C0C0}Script terminated. (134E3704)
[00:52:39] {C0C0C0}[ML] {FA9746}(system) {E0E0E0}UltraFuck: {C0C0C0}Script terminated. (134E3A14)
[00:52:39] {C0C0C0}[ML] {FA9746}(system) {E0E0E0}underground death.luac: {C0C0C0}Script terminated. (0F4511EC)
[00:52:39] {C0C0C0}[ML] {FA9746}(system) {E0E0E0}vcrash.lua: {C0C0C0}Script terminated. (0F4514FC)
[00:52:39] {C0C0C0}[ML] {FA9746}(system) {E0E0E0}VCrashModify: {C0C0C0}Script terminated. (0F451684)
[00:52:39] {C0C0C0}[ML] {FA9746}(system) {E0E0E0}wheeldestroyer.lua: {C0C0C0}Script terminated. (0F45180C)
[00:52:39] {C0C0C0}[ML] {FA9746}(system) {E0E0E0}zzzz_astpn (no pickups).lua: {C0C0C0}Script terminated. (0F450D54)
[00:52:39] {C0C0C0}[ML] {FA9746}(system) {E0E0E0}zzzz_astpn.lua: {C0C0C0}Script terminated. (0F451B1C)
[00:52:39] {C0C0C0}[ML] {FA9746}(system) {E0E0E0}speed.lua: {C0C0C0}Script terminated. (0F451CA4)
[00:52:39] {C0C0C0}[ML] {FA9746}(system) {C0C0C0}Loading script 'Y:\Games\SAMP-Sborka-By-Kiko\moonloader\AntiRvanka.lua'...
[00:52:39] {C0C0C0}[ML] {FA9746}(system) {E0E0E0}AntiRvanka.lua: {C0C0C0}Loaded successfully.
[00:52:39] {C0C0C0}[ML] {FA9746}(system) {C0C0C0}Loading script 'Y:\Games\SAMP-Sborka-By-Kiko\moonloader\AntiSpammerForMaksQSpammer.lua'...
[00:52:39] {C0C0C0}[ML] {FA9746}(system) {E0E0E0}AntiSpamForMaksQSpam: {C0C0C0}Loaded successfully.
[00:52:39] {C0C0C0}[ML] {FA9746}(system) {C0C0C0}Loading script 'Y:\Games\SAMP-Sborka-By-Kiko\moonloader\arz_carslap.luac'...
[00:52:39] {C0C0C0}[ML] {FA9746}(system) {E0E0E0}arz_carslap.luac: {C0C0C0}Loaded successfully.
[00:52:39] {C0C0C0}[ML] {FA9746}(system) {C0C0C0}Loading script 'Y:\Games\SAMP-Sborka-By-Kiko\moonloader\AutoReboot.lua'...
[00:52:39] {C0C0C0}[ML] {FA9746}(system) {E0E0E0}ML-AutoReboot: {C0C0C0}Loaded successfully.
[00:52:39] {C0C0C0}[ML] {FA9746}(system) {C0C0C0}Loading script 'Y:\Games\SAMP-Sborka-By-Kiko\moonloader\BPS_FLY.lua'...
[00:52:39] {C0C0C0}[ML] {FA9746}(system) {E0E0E0}BPS_FLY.lua: {C0C0C0}Loaded successfully.
[00:52:39] {C0C0C0}[ML] {FA9746}(system) {C0C0C0}Loading script 'Y:\Games\SAMP-Sborka-By-Kiko\moonloader\ButilkaCrasher.lua'...
[00:52:39] {C0C0C0}[ML] {FA9746}(system) {E0E0E0}ButilkaCrasher.lua: {C0C0C0}Loaded successfully.
[00:52:39] {C0C0C0}[ML] {FA9746}(system) {C0C0C0}Loading script 'Y:\Games\SAMP-Sborka-By-Kiko\moonloader\bypass.lua'...
[00:52:39] {C0C0C0}[ML] {FA9746}(system) {E0E0E0}bypass.lua: {C0C0C0}Loaded successfully.
[00:52:39] {C0C0C0}[ML] {FA9746}(system) {C0C0C0}Loading script 'Y:\Games\SAMP-Sborka-By-Kiko\moonloader\bypasser.lua'...
[00:52:39] {C0C0C0}[ML] {FA9746}(system) {E0E0E0}bypasser.lua: {C0C0C0}Loaded successfully.
[00:52:39] {C0C0C0}[ML] {FA9746}(system) {C0C0C0}Loading script 'Y:\Games\SAMP-Sborka-By-Kiko\moonloader\carshot.lua'...
[00:52:39] {C0C0C0}[ML] {FA9746}(system) {E0E0E0}carshot.lua: {C0C0C0}Loaded successfully.
[00:52:39] {C0C0C0}[ML] {FA9746}(system) {C0C0C0}Loading script 'Y:\Games\SAMP-Sborka-By-Kiko\moonloader\carshot_chat_add.lua'...
[00:52:39] {C0C0C0}[ML] {FA9746}(system) {E0E0E0}CSChatAdd: {C0C0C0}Loaded successfully.
[00:52:39] {C0C0C0}[ML] {FA9746}(system) {C0C0C0}Loading script 'Y:\Games\SAMP-Sborka-By-Kiko\moonloader\CheatHelper.lua'...
[00:52:39] {C0C0C0}[ML] {FF7070}(error) {E0E0E0}CheatHelper.lua: {C0C0C0}Y:\Games\SAMP-Sborka-By-Kiko\moonloader\CheatHelper.lua:9: '<name>' expected near 'local'
[00:52:39] {C0C0C0}[ML] {FF7070}(error) {E0E0E0}CheatHelper.lua: {C0C0C0}Script died due to an error. (2400C044)
[00:52:39] {C0C0C0}[ML] {FA9746}(system) {C0C0C0}Loading script 'Y:\Games\SAMP-Sborka-By-Kiko\moonloader\check-moonloader-updates.lua'...
[00:52:39] {C0C0C0}[ML] {FA9746}(system) {E0E0E0}Check MoonLoader Updates: {C0C0C0}Loaded successfully.
[00:52:39] {C0C0C0}[ML] {FA9746}(system) {C0C0C0}Loading script 'Y:\Games\SAMP-Sborka-By-Kiko\moonloader\CreepTonInvis.luac'...
[00:52:39] {C0C0C0}[ML] {FA9746}(system) {E0E0E0}CreepTonInvis.luac: {C0C0C0}Loaded successfully.
[00:52:39] {C0C0C0}[ML] {FA9746}(system) {C0C0C0}Loading script 'Y:\Games\SAMP-Sborka-By-Kiko\moonloader\dammagerBydamag.lua'...
[00:52:39] {C0C0C0}[ML] {FA9746}(system) {E0E0E0}dammagerBydamag.lua: {C0C0C0}Loaded successfully.
[00:52:39] {C0C0C0}[ML] {FA9746}(system) {C0C0C0}Loading script 'Y:\Games\SAMP-Sborka-By-Kiko\moonloader\egun.luac'...
[00:52:39] {C0C0C0}[ML] {FA9746}(system) {E0E0E0}egun.luac: {C0C0C0}Loaded successfully.
[00:52:39] {C0C0C0}[ML] {FA9746}(system) {C0C0C0}Loading script 'Y:\Games\SAMP-Sborka-By-Kiko\moonloader\EnterCar.lua'...
[00:52:39] {C0C0C0}[ML] {FA9746}(system) {E0E0E0}EnterCar.lua: {C0C0C0}Loaded successfully.
[00:52:39] {C0C0C0}[ML] {FA9746}(system) {C0C0C0}Loading script 'Y:\Games\SAMP-Sborka-By-Kiko\moonloader\EnterCrasher (bypass).lua'...
[00:52:39] {C0C0C0}[ML] {FA9746}(system) {E0E0E0}EnterCrasher (bypass): {C0C0C0}Loaded successfully.
[00:52:39] {C0C0C0}[ML] {FA9746}(system) {C0C0C0}Loading script 'Y:\Games\SAMP-Sborka-By-Kiko\moonloader\F-CAR.lua'...
[00:52:39] {C0C0C0}[ML] {FA9746}(system) {E0E0E0}F-CAR.lua: {C0C0C0}Loaded successfully.
[00:52:39] {C0C0C0}[ML] {FA9746}(system) {C0C0C0}Loading script 'Y:\Games\SAMP-Sborka-By-Kiko\moonloader\fly.luac'...
[00:52:39] {C0C0C0}[ML] {FA9746}(system) {E0E0E0}fly.luac: {C0C0C0}Loaded successfully.
[00:52:39] {C0C0C0}[ML] {FA9746}(system) {C0C0C0}Loading script 'Y:\Games\SAMP-Sborka-By-Kiko\moonloader\FPS_UP_UPDATE.lua'...
[00:52:39] {C0C0C0}[ML] {FA9746}(system) {E0E0E0}FPS_UP_UPDATE.lua: {C0C0C0}Loaded successfully.
[00:52:39] {C0C0C0}[ML] {FA9746}(system) {C0C0C0}Loading script 'Y:\Games\SAMP-Sborka-By-Kiko\moonloader\gagarin.lua'...
[00:52:39] {C0C0C0}[ML] {FA9746}(system) {E0E0E0}gagarin.lua: {C0C0C0}Loaded successfully.
[00:52:39] {C0C0C0}[ML] {FA9746}(system) {C0C0C0}Loading script 'Y:\Games\SAMP-Sborka-By-Kiko\moonloader\GORYASHIYCAR.luac'...
[00:52:39] {C0C0C0}[ML] {FA9746}(system) {E0E0E0}GORYASHIYCAR.luac: {C0C0C0}Loaded successfully.
[00:52:39] {C0C0C0}[ML] {FA9746}(system) {C0C0C0}Loading script 'Y:\Games\SAMP-Sborka-By-Kiko\moonloader\INVI.lua'...
[00:52:39] {C0C0C0}[ML] {FA9746}(system) {E0E0E0}INVI.lua: {C0C0C0}Loaded successfully.
[00:52:39] {C0C0C0}[ML] {FA9746}(system) {C0C0C0}Loading script 'Y:\Games\SAMP-Sborka-By-Kiko\moonloader\kickASS.lua'...
[00:52:39] {C0C0C0}[ML] {FA9746}(system) {E0E0E0}kickASS v2.1: {C0C0C0}Loaded successfully.
[00:52:39] {C0C0C0}[ML] {FA9746}(system) {C0C0C0}Loading script 'Y:\Games\SAMP-Sborka-By-Kiko\moonloader\knockdown.lua'...
[00:52:39] {C0C0C0}[ML] {FA9746}(system) {E0E0E0}knockdown.lua: {C0C0C0}Loaded successfully.
[00:52:39] {C0C0C0}[ML] {FA9746}(system) {C0C0C0}Loading script 'Y:\Games\SAMP-Sborka-By-Kiko\moonloader\Multi_AyE_Cheats_by ]GsH[MeG@LaDo[N].luac'...
[00:52:39] {C0C0C0}[ML] {FA9746}(system) {E0E0E0}Multi Cheats by ]GsH[MeG@LaDo[N]: {C0C0C0}Loaded successfully.
[00:52:39] {C0C0C0}[ML] {FA9746}(system) {C0C0C0}Loading script 'Y:\Games\SAMP-Sborka-By-Kiko\moonloader\POMOYKA MODE.lua'...
[00:52:39] {C0C0C0}[ML] {FA9746}(system) {E0E0E0}POMOYKAMod: {C0C0C0}Loaded successfully.
[00:52:39] {C0C0C0}[ML] {FA9746}(system) {C0C0C0}Loading script 'Y:\Games\SAMP-Sborka-By-Kiko\moonloader\RainbowClist.lua'...
[00:52:39] {C0C0C0}[ML] {FA9746}(system) {E0E0E0}RainbowClist: {C0C0C0}Loaded successfully.
[00:52:39] {C0C0C0}[ML] {FA9746}(system) {C0C0C0}Loading script 'Y:\Games\SAMP-Sborka-By-Kiko\moonloader\reload_all.lua'...
[00:52:39] {C0C0C0}[ML] {FA9746}(system) {E0E0E0}ML-ReloadAll: {C0C0C0}Loaded successfully.
[00:52:39] {C0C0C0}[ML] {FA9746}(system) {C0C0C0}Loading script 'Y:\Games\SAMP-Sborka-By-Kiko\moonloader\scar.lua'...
[00:52:39] {C0C0C0}[ML] {FA9746}(system) {E0E0E0}scar.lua: {C0C0C0}Loaded successfully.
[00:52:39] {C0C0C0}[ML] {FA9746}(system) {C0C0C0}Loading script 'Y:\Games\SAMP-Sborka-By-Kiko\moonloader\SF Integration.lua'...
[00:52:39] {C0C0C0}[ML] {FA9746}(system) {E0E0E0}SF Integration: {C0C0C0}Loaded successfully.
[00:52:39] {C0C0C0}[ML] {FA9746}(system) {C0C0C0}Loading script 'Y:\Games\SAMP-Sborka-By-Kiko\moonloader\skinc.lua'...
[00:52:39] {C0C0C0}[ML] {FA9746}(system) {E0E0E0}skinc: {C0C0C0}Loaded successfully.
[00:52:39] {C0C0C0}[ML] {FA9746}(system) {C0C0C0}Loading script 'Y:\Games\SAMP-Sborka-By-Kiko\moonloader\SlapperBYs3nder.luac'...
[00:52:39] {C0C0C0}[ML] {FA9746}(system) {E0E0E0}SlapperBYs3nder.luac: {C0C0C0}Loaded successfully.
[00:52:39] {C0C0C0}[ML] {FA9746}(system) {C0C0C0}Loading script 'Y:\Games\SAMP-Sborka-By-Kiko\moonloader\spammer.lua'...
[00:52:39] {C0C0C0}[ML] {FA9746}(system) {E0E0E0}Spammer: {C0C0C0}Loaded successfully.
[00:52:39] {C0C0C0}[ML] {FA9746}(system) {C0C0C0}Loading script 'Y:\Games\SAMP-Sborka-By-Kiko\moonloader\spoka0_3.luac'...
[00:52:39] {C0C0C0}[ML] {FA9746}(system) {E0E0E0}spoka0_3.luac: {C0C0C0}Loaded successfully.
[00:52:39] {C0C0C0}[ML] {FA9746}(system) {C0C0C0}Loading script 'Y:\Games\SAMP-Sborka-By-Kiko\moonloader\stopcars.lua'...
[00:52:39] {C0C0C0}[ML] {FA9746}(system) {E0E0E0}stopcars.lua: {C0C0C0}Loaded successfully.
[00:52:39] {C0C0C0}[ML] {FA9746}(system) {C0C0C0}Loading script 'Y:\Games\SAMP-Sborka-By-Kiko\moonloader\Stopper.lua'...
[00:52:39] {C0C0C0}[ML] {FA9746}(system) {E0E0E0}Stopper: {C0C0C0}Loaded successfully.
[00:52:39] {C0C0C0}[ML] {FA9746}(system) {C0C0C0}Loading script 'Y:\Games\SAMP-Sborka-By-Kiko\moonloader\syncer.lua'...
[00:52:39] {C0C0C0}[ML] {FA9746}(system) {E0E0E0}syncer.lua: {C0C0C0}Loaded successfully.
[00:52:39] {C0C0C0}[ML] {FA9746}(system) {C0C0C0}Loading script 'Y:\Games\SAMP-Sborka-By-Kiko\moonloader\Teleport.luac'...
[00:52:39] {C0C0C0}[ML] {FA9746}(system) {E0E0E0}Teleport.luac: {C0C0C0}Loaded successfully.
[00:52:39] {C0C0C0}[ML] {FA9746}(system) {C0C0C0}Loading script 'Y:\Games\SAMP-Sborka-By-Kiko\moonloader\textdrawreplace.lua'...
[00:52:39] {C0C0C0}[ML] {FA9746}(system) {E0E0E0}CSChatAdd: {C0C0C0}Loaded successfully.
[00:52:39] {C0C0C0}[ML] {FA9746}(system) {C0C0C0}Loading script 'Y:\Games\SAMP-Sborka-By-Kiko\moonloader\thrower.luac'...
[00:52:39] {C0C0C0}[ML] {FA9746}(system) {E0E0E0}thrower.luac: {C0C0C0}Loaded successfully.
[00:52:39] {C0C0C0}[ML] {FA9746}(system) {C0C0C0}Loading script 'Y:\Games\SAMP-Sborka-By-Kiko\moonloader\UltraFuck.luac'...
[00:52:39] {C0C0C0}[ML] {FA9746}(system) {E0E0E0}UltraFuck: {C0C0C0}Loaded successfully.
[00:52:39] {C0C0C0}[ML] {FA9746}(system) {C0C0C0}Loading script 'Y:\Games\SAMP-Sborka-By-Kiko\moonloader\underground death.luac'...
[00:52:39] {C0C0C0}[ML] {FA9746}(system) {E0E0E0}underground death.luac: {C0C0C0}Loaded successfully.
[00:52:39] {C0C0C0}[ML] {FA9746}(system) {C0C0C0}Loading script 'Y:\Games\SAMP-Sborka-By-Kiko\moonloader\vcrash.lua'...
[00:52:39] {C0C0C0}[ML] {FA9746}(system) {E0E0E0}vcrash.lua: {C0C0C0}Loaded successfully.
[00:52:39] {C0C0C0}[ML] {FA9746}(system) {C0C0C0}Loading script 'Y:\Games\SAMP-Sborka-By-Kiko\moonloader\VCrashModify.lua'...
[00:52:39] {C0C0C0}[ML] {FA9746}(system) {E0E0E0}VCrashModify: {C0C0C0}Loaded successfully.
[00:52:39] {C0C0C0}[ML] {FA9746}(system) {C0C0C0}Loading script 'Y:\Games\SAMP-Sborka-By-Kiko\moonloader\wheeldestroyer.lua'...
[00:52:39] {C0C0C0}[ML] {FA9746}(system) {E0E0E0}wheeldestroyer.lua: {C0C0C0}Loaded successfully.
[00:52:39] {C0C0C0}[ML] {FA9746}(system) {C0C0C0}Loading script 'Y:\Games\SAMP-Sborka-By-Kiko\moonloader\zzzz_astpn (no pickups).lua'...
[00:52:39] {C0C0C0}[ML] {FA9746}(system) {E0E0E0}zzzz_astpn (no pickups).lua: {C0C0C0}Loaded successfully.
[00:52:39] {C0C0C0}[ML] {FA9746}(system) {C0C0C0}Loading script 'Y:\Games\SAMP-Sborka-By-Kiko\moonloader\zzzz_astpn.lua'...
[00:52:39] {C0C0C0}[ML] {FA9746}(system) {E0E0E0}zzzz_astpn.lua: {C0C0C0}Loaded successfully.
[00:52:39] {C0C0C0}[ML] {FA9746}(system) {C0C0C0}Loading script 'Y:\Games\SAMP-Sborka-By-Kiko\moonloader\config\UltraFuck\Scripts\speed.lua'...
[00:52:39] {C0C0C0}[ML] {FA9746}(system) {E0E0E0}speed.lua: {C0C0C0}Loaded successfully.
[00:52:40] {C0C0C0}[ML] {7DD156}(script) {E0E0E0}UltraFuck: {C0C0C0}{FFFFFF}Обновления не были найдены, текущая версия 2.31
[00:52:40] {C0C0C0}[ML] {7DD156}(script) {E0E0E0}UltraFuck: {C0C0C0}{FFFFFF}Вы всегда можете отключить авто обновление в настройках.
[00:54:37] {C0C0C0}[ML] {FA9746}(system) {E0E0E0}AntiRvanka.lua: {C0C0C0}Script terminated. (2400D8C4)
[00:54:37] {C0C0C0}[ML] {FA9746}(system) {E0E0E0}AntiSpamForMaksQSpam: {C0C0C0}Script terminated. (2400C354)
[00:54:37] {C0C0C0}[ML] {FA9746}(system) {E0E0E0}arz_carslap.luac: {C0C0C0}Script terminated. (2400D2A4)
[00:54:37] {C0C0C0}[ML] {FA9746}(system) {E0E0E0}ML-AutoReboot: {C0C0C0}Script terminated. (2400CC84)
[00:54:37] {C0C0C0}[ML] {FA9746}(system) {E0E0E0}BPS_FLY.lua: {C0C0C0}Script terminated. (2400C664)
[00:54:37] {C0C0C0}[ML] {FA9746}(system) {E0E0E0}ButilkaCrasher.lua: {C0C0C0}Script terminated. (2400C4DC)
[00:54:37] {C0C0C0}[ML] {FA9746}(system) {E0E0E0}bypass.lua: {C0C0C0}Script terminated. (2400D73C)
[00:54:37] {C0C0C0}[ML] {FA9746}(system) {E0E0E0}bypasser.lua: {C0C0C0}Script terminated. (2400C974)
[00:54:37] {C0C0C0}[ML] {FA9746}(system) {E0E0E0}carshot.lua: {C0C0C0}Script terminated. (2400DBD4)
[00:54:37] {C0C0C0}[ML] {FA9746}(system) {E0E0E0}CSChatAdd: {C0C0C0}Script terminated. (2400DD5C)
[00:54:37] {C0C0C0}[ML] {FA9746}(system) {E0E0E0}Check MoonLoader Updates: {C0C0C0}Script terminated. (2400C044)
[00:54:37] {C0C0C0}[ML] {FA9746}(system) {E0E0E0}CreepTonInvis.luac: {C0C0C0}Script terminated. (2400CE0C)
[00:54:37] {C0C0C0}[ML] {FA9746}(system) {E0E0E0}dammagerBydamag.lua: {C0C0C0}Script terminated. (134E30E4)
[00:54:37] {C0C0C0}[ML] {FA9746}(system) {E0E0E0}egun.luac: {C0C0C0}Script terminated. (134E388C)
[00:54:37] {C0C0C0}[ML] {FA9746}(system) {E0E0E0}EnterCar.lua: {C0C0C0}Script terminated. (134E3B9C)
[00:54:37] {C0C0C0}[ML] {FA9746}(system) {E0E0E0}EnterCrasher (bypass): {C0C0C0}Script terminated. (134E3D24)
[00:54:37] {C0C0C0}[ML] {FA9746}(system) {E0E0E0}F-CAR.lua: {C0C0C0}Script terminated. (134E2F5C)
[00:54:37] {C0C0C0}[ML] {FA9746}(system) {E0E0E0}fly.luac: {C0C0C0}Script terminated. (134E4C74)
[00:54:37] {C0C0C0}[ML] {FA9746}(system) {E0E0E0}FPS_UP_UPDATE.lua: {C0C0C0}Script terminated. (134E3EAC)
[00:54:37] {C0C0C0}[ML] {FA9746}(system) {E0E0E0}gagarin.lua: {C0C0C0}Script terminated. (134E4964)
[00:54:37] {C0C0C0}[ML] {FA9746}(system) {E0E0E0}GORYASHIYCAR.luac: {C0C0C0}Script terminated. (134E44CC)
[00:54:37] {C0C0C0}[ML] {FA9746}(system) {E0E0E0}INVI.lua: {C0C0C0}Script terminated. (134E4034)
[00:54:37] {C0C0C0}[ML] {FA9746}(system) {E0E0E0}kickASS v2.1: {C0C0C0}Script terminated. (134E41BC)
[00:54:37] {C0C0C0}[ML] {FA9746}(system) {E0E0E0}knockdown.lua: {C0C0C0}Script terminated. (134E4654)
[00:54:37] {C0C0C0}[ML] {FA9746}(system) {E0E0E0}Multi Cheats by ]GsH[MeG@LaDo[N]: {C0C0C0}Script terminated. (134E47DC)
[00:54:37] {C0C0C0}[ML] {FA9746}(system) {E0E0E0}POMOYKAMod: {C0C0C0}Script terminated. (134E4AEC)
[00:54:37] {C0C0C0}[ML] {FA9746}(system) {E0E0E0}RainbowClist: {C0C0C0}Script terminated. (134E326C)
[00:54:37] {C0C0C0}[ML] {FA9746}(system) {E0E0E0}ML-ReloadAll: {C0C0C0}Script terminated. (134E4344)
[00:54:37] {C0C0C0}[ML] {FA9746}(system) {E0E0E0}scar.lua: {C0C0C0}Script terminated. (0F53326C)
[00:54:37] {C0C0C0}[ML] {FA9746}(system) {E0E0E0}SF Integration: {C0C0C0}Script terminated. (0F533D24)
[00:54:37] {C0C0C0}[ML] {FA9746}(system) {E0E0E0}skinc: {C0C0C0}Script terminated. (0F53388C)
[00:54:37] {C0C0C0}[ML] {FA9746}(system) {E0E0E0}SlapperBYs3nder.luac: {C0C0C0}Script terminated. (0F53357C)
[00:54:37] {C0C0C0}[ML] {FA9746}(system) {E0E0E0}Spammer: {C0C0C0}Script terminated. (0F5344CC)
[00:54:37] {C0C0C0}[ML] {FA9746}(system) {E0E0E0}spoka0_3.luac: {C0C0C0}Script terminated. (0F5330E4)
[00:54:37] {C0C0C0}[ML] {FA9746}(system) {E0E0E0}stopcars.lua: {C0C0C0}Script terminated. (0F5333F4)
[00:54:37] {C0C0C0}[ML] {FA9746}(system) {E0E0E0}Stopper: {C0C0C0}Script terminated. (0F533A14)
[00:54:37] {C0C0C0}[ML] {FA9746}(system) {E0E0E0}syncer.lua: {C0C0C0}Script terminated. (0F5341BC)
[00:54:37] {C0C0C0}[ML] {FA9746}(system) {E0E0E0}Teleport.luac: {C0C0C0}Script terminated. (0F533EAC)
[00:54:37] {C0C0C0}[ML] {FA9746}(system) {E0E0E0}CSChatAdd: {C0C0C0}Script terminated. (0F534344)
[00:54:37] {C0C0C0}[ML] {FA9746}(system) {E0E0E0}thrower.luac: {C0C0C0}Script terminated. (0F534654)
[00:54:37] {C0C0C0}[ML] {FA9746}(system) {E0E0E0}UltraFuck: {C0C0C0}Script terminated. (0F5347DC)
[00:54:37] {C0C0C0}[ML] {FA9746}(system) {E0E0E0}underground death.luac: {C0C0C0}Script terminated. (0F533B9C)
[00:54:37] {C0C0C0}[ML] {FA9746}(system) {E0E0E0}vcrash.lua: {C0C0C0}Script terminated. (0F534964)
[00:54:37] {C0C0C0}[ML] {FA9746}(system) {E0E0E0}VCrashModify: {C0C0C0}Script terminated. (0F534AEC)
[00:54:37] {C0C0C0}[ML] {FA9746}(system) {E0E0E0}wheeldestroyer.lua: {C0C0C0}Script terminated. (0F534C74)
[00:54:37] {C0C0C0}[ML] {FA9746}(system) {E0E0E0}zzzz_astpn (no pickups).lua: {C0C0C0}Script terminated. (0F534DFC)
[00:54:37] {C0C0C0}[ML] {FA9746}(system) {E0E0E0}zzzz_astpn.lua: {C0C0C0}Script terminated. (0F450D54)
[00:54:37] {C0C0C0}[ML] {FA9746}(system) {E0E0E0}speed.lua: {C0C0C0}Script terminated. (0F451684)
[00:54:37] {C0C0C0}[ML] {FA9746}(system) {C0C0C0}Loading script 'Y:\Games\SAMP-Sborka-By-Kiko\moonloader\AntiRvanka.lua'...
[00:54:37] {C0C0C0}[ML] {FA9746}(system) {E0E0E0}AntiRvanka.lua: {C0C0C0}Loaded successfully.
[00:54:37] {C0C0C0}[ML] {FA9746}(system) {C0C0C0}Loading script 'Y:\Games\SAMP-Sborka-By-Kiko\moonloader\AntiSpammerForMaksQSpammer.lua'...
[00:54:37] {C0C0C0}[ML] {FA9746}(system) {E0E0E0}AntiSpamForMaksQSpam: {C0C0C0}Loaded successfully.
[00:54:37] {C0C0C0}[ML] {FA9746}(system) {C0C0C0}Loading script 'Y:\Games\SAMP-Sborka-By-Kiko\moonloader\arz_carslap.luac'...
[00:54:37] {C0C0C0}[ML] {FA9746}(system) {E0E0E0}arz_carslap.luac: {C0C0C0}Loaded successfully.
[00:54:37] {C0C0C0}[ML] {FA9746}(system) {C0C0C0}Loading script 'Y:\Games\SAMP-Sborka-By-Kiko\moonloader\AutoReboot.lua'...
[00:54:37] {C0C0C0}[ML] {FA9746}(system) {E0E0E0}ML-AutoReboot: {C0C0C0}Loaded successfully.
[00:54:37] {C0C0C0}[ML] {FA9746}(system) {C0C0C0}Loading script 'Y:\Games\SAMP-Sborka-By-Kiko\moonloader\BPS_FLY.lua'...
[00:54:37] {C0C0C0}[ML] {FA9746}(system) {E0E0E0}BPS_FLY.lua: {C0C0C0}Loaded successfully.
[00:54:37] {C0C0C0}[ML] {FA9746}(system) {C0C0C0}Loading script 'Y:\Games\SAMP-Sborka-By-Kiko\moonloader\ButilkaCrasher.lua'...
[00:54:37] {C0C0C0}[ML] {FA9746}(system) {E0E0E0}ButilkaCrasher.lua: {C0C0C0}Loaded successfully.
[00:54:37] {C0C0C0}[ML] {FA9746}(system) {C0C0C0}Loading script 'Y:\Games\SAMP-Sborka-By-Kiko\moonloader\bypass.lua'...
[00:54:37] {C0C0C0}[ML] {FA9746}(system) {E0E0E0}bypass.lua: {C0C0C0}Loaded successfully.
[00:54:37] {C0C0C0}[ML] {FA9746}(system) {C0C0C0}Loading script 'Y:\Games\SAMP-Sborka-By-Kiko\moonloader\bypasser.lua'...
[00:54:37] {C0C0C0}[ML] {FA9746}(system) {E0E0E0}bypasser.lua: {C0C0C0}Loaded successfully.
[00:54:37] {C0C0C0}[ML] {FA9746}(system) {C0C0C0}Loading script 'Y:\Games\SAMP-Sborka-By-Kiko\moonloader\carshot.lua'...
[00:54:37] {C0C0C0}[ML] {FA9746}(system) {E0E0E0}carshot.lua: {C0C0C0}Loaded successfully.
[00:54:37] {C0C0C0}[ML] {FA9746}(system) {C0C0C0}Loading script 'Y:\Games\SAMP-Sborka-By-Kiko\moonloader\carshot_chat_add.lua'...
[00:54:37] {C0C0C0}[ML] {FA9746}(system) {E0E0E0}CSChatAdd: {C0C0C0}Loaded successfully.
[00:54:37] {C0C0C0}[ML] {FA9746}(system) {C0C0C0}Loading script 'Y:\Games\SAMP-Sborka-By-Kiko\moonloader\CheatHelper.lua'...
[00:54:37] {C0C0C0}[ML] {FF7070}(error) {E0E0E0}CheatHelper.lua: {C0C0C0}Y:\Games\SAMP-Sborka-By-Kiko\moonloader\CheatHelper.lua:9: '<name>' expected near 'local'
[00:54:37] {C0C0C0}[ML] {FF7070}(error) {E0E0E0}CheatHelper.lua: {C0C0C0}Script died due to an error. (134E3A14)
[00:54:37] {C0C0C0}[ML] {FA9746}(system) {C0C0C0}Loading script 'Y:\Games\SAMP-Sborka-By-Kiko\moonloader\check-moonloader-updates.lua'...
[00:54:37] {C0C0C0}[ML] {FA9746}(system) {E0E0E0}Check MoonLoader Updates: {C0C0C0}Loaded successfully.
[00:54:37] {C0C0C0}[ML] {FA9746}(system) {C0C0C0}Loading script 'Y:\Games\SAMP-Sborka-By-Kiko\moonloader\CreepTonInvis.luac'...
[00:54:37] {C0C0C0}[ML] {FA9746}(system) {E0E0E0}CreepTonInvis.luac: {C0C0C0}Loaded successfully.
[00:54:37] {C0C0C0}[ML] {FA9746}(system) {C0C0C0}Loading script 'Y:\Games\SAMP-Sborka-By-Kiko\moonloader\dammagerBydamag.lua'...
[00:54:37] {C0C0C0}[ML] {FA9746}(system) {E0E0E0}dammagerBydamag.lua: {C0C0C0}Loaded successfully.
[00:54:37] {C0C0C0}[ML] {FA9746}(system) {C0C0C0}Loading script 'Y:\Games\SAMP-Sborka-By-Kiko\moonloader\egun.luac'...
[00:54:37] {C0C0C0}[ML] {FA9746}(system) {E0E0E0}egun.luac: {C0C0C0}Loaded successfully.
[00:54:37] {C0C0C0}[ML] {FA9746}(system) {C0C0C0}Loading script 'Y:\Games\SAMP-Sborka-By-Kiko\moonloader\EnterCar.lua'...
[00:54:37] {C0C0C0}[ML] {FA9746}(system) {E0E0E0}EnterCar.lua: {C0C0C0}Loaded successfully.
[00:54:37] {C0C0C0}[ML] {FA9746}(system) {C0C0C0}Loading script 'Y:\Games\SAMP-Sborka-By-Kiko\moonloader\EnterCrasher (bypass).lua'...
[00:54:37] {C0C0C0}[ML] {FA9746}(system) {E0E0E0}EnterCrasher (bypass): {C0C0C0}Loaded successfully.
[00:54:37] {C0C0C0}[ML] {FA9746}(system) {C0C0C0}Loading script 'Y:\Games\SAMP-Sborka-By-Kiko\moonloader\F-CAR.lua'...
[00:54:37] {C0C0C0}[ML] {FA9746}(system) {E0E0E0}F-CAR.lua: {C0C0C0}Loaded successfully.
[00:54:37] {C0C0C0}[ML] {FA9746}(system) {C0C0C0}Loading script 'Y:\Games\SAMP-Sborka-By-Kiko\moonloader\fly.luac'...
[00:54:37] {C0C0C0}[ML] {FA9746}(system) {E0E0E0}fly.luac: {C0C0C0}Loaded successfully.
[00:54:37] {C0C0C0}[ML] {FA9746}(system) {C0C0C0}Loading script 'Y:\Games\SAMP-Sborka-By-Kiko\moonloader\FPS_UP_UPDATE.lua'...
[00:54:37] {C0C0C0}[ML] {FA9746}(system) {E0E0E0}FPS_UP_UPDATE.lua: {C0C0C0}Loaded successfully.
[00:54:37] {C0C0C0}[ML] {FA9746}(system) {C0C0C0}Loading script 'Y:\Games\SAMP-Sborka-By-Kiko\moonloader\gagarin.lua'...
[00:54:37] {C0C0C0}[ML] {FA9746}(system) {E0E0E0}gagarin.lua: {C0C0C0}Loaded successfully.
[00:54:37] {C0C0C0}[ML] {FA9746}(system) {C0C0C0}Loading script 'Y:\Games\SAMP-Sborka-By-Kiko\moonloader\GORYASHIYCAR.luac'...
[00:54:37] {C0C0C0}[ML] {FA9746}(system) {E0E0E0}GORYASHIYCAR.luac: {C0C0C0}Loaded successfully.
[00:54:37] {C0C0C0}[ML] {FA9746}(system) {C0C0C0}Loading script 'Y:\Games\SAMP-Sborka-By-Kiko\moonloader\INVI.lua'...
[00:54:37] {C0C0C0}[ML] {FA9746}(system) {E0E0E0}INVI.lua: {C0C0C0}Loaded successfully.
[00:54:37] {C0C0C0}[ML] {FA9746}(system) {C0C0C0}Loading script 'Y:\Games\SAMP-Sborka-By-Kiko\moonloader\kickASS.lua'...
[00:54:37] {C0C0C0}[ML] {FA9746}(system) {E0E0E0}kickASS v2.1: {C0C0C0}Loaded successfully.
[00:54:37] {C0C0C0}[ML] {FA9746}(system) {C0C0C0}Loading script 'Y:\Games\SAMP-Sborka-By-Kiko\moonloader\knockdown.lua'...
[00:54:37] {C0C0C0}[ML] {FA9746}(system) {E0E0E0}knockdown.lua: {C0C0C0}Loaded successfully.
[00:54:37] {C0C0C0}[ML] {FA9746}(system) {C0C0C0}Loading script 'Y:\Games\SAMP-Sborka-By-Kiko\moonloader\Multi_AyE_Cheats_by ]GsH[MeG@LaDo[N].luac'...
[00:54:37] {C0C0C0}[ML] {FA9746}(system) {E0E0E0}Multi Cheats by ]GsH[MeG@LaDo[N]: {C0C0C0}Loaded successfully.
[00:54:37] {C0C0C0}[ML] {FA9746}(system) {C0C0C0}Loading script 'Y:\Games\SAMP-Sborka-By-Kiko\moonloader\POMOYKA MODE.lua'...
[00:54:37] {C0C0C0}[ML] {FA9746}(system) {E0E0E0}POMOYKAMod: {C0C0C0}Loaded successfully.
[00:54:37] {C0C0C0}[ML] {FA9746}(system) {C0C0C0}Loading script 'Y:\Games\SAMP-Sborka-By-Kiko\moonloader\RainbowClist.lua'...
[00:54:37] {C0C0C0}[ML] {FA9746}(system) {E0E0E0}RainbowClist: {C0C0C0}Loaded successfully.
[00:54:37] {C0C0C0}[ML] {FA9746}(system) {C0C0C0}Loading script 'Y:\Games\SAMP-Sborka-By-Kiko\moonloader\reload_all.lua'...
[00:54:37] {C0C0C0}[ML] {FA9746}(system) {E0E0E0}ML-ReloadAll: {C0C0C0}Loaded successfully.
[00:54:37] {C0C0C0}[ML] {FA9746}(system) {C0C0C0}Loading script 'Y:\Games\SAMP-Sborka-By-Kiko\moonloader\scar.lua'...
[00:54:37] {C0C0C0}[ML] {FA9746}(system) {E0E0E0}scar.lua: {C0C0C0}Loaded successfully.
[00:54:37] {C0C0C0}[ML] {FA9746}(system) {C0C0C0}Loading script 'Y:\Games\SAMP-Sborka-By-Kiko\moonloader\SF Integration.lua'...
[00:54:37] {C0C0C0}[ML] {FA9746}(system) {E0E0E0}SF Integration: {C0C0C0}Loaded successfully.
[00:54:37] {C0C0C0}[ML] {FA9746}(system) {C0C0C0}Loading script 'Y:\Games\SAMP-Sborka-By-Kiko\moonloader\skinc.lua'...
[00:54:37] {C0C0C0}[ML] {FA9746}(system) {E0E0E0}skinc: {C0C0C0}Loaded successfully.
[00:54:37] {C0C0C0}[ML] {FA9746}(system) {C0C0C0}Loading script 'Y:\Games\SAMP-Sborka-By-Kiko\moonloader\SlapperBYs3nder.luac'...
[00:54:37] {C0C0C0}[ML] {FA9746}(system) {E0E0E0}SlapperBYs3nder.luac: {C0C0C0}Loaded successfully.
[00:54:37] {C0C0C0}[ML] {FA9746}(system) {C0C0C0}Loading script 'Y:\Games\SAMP-Sborka-By-Kiko\moonloader\spammer.lua'...
[00:54:37] {C0C0C0}[ML] {FA9746}(system) {E0E0E0}Spammer: {C0C0C0}Loaded successfully.
[00:54:37] {C0C0C0}[ML] {FA9746}(system) {C0C0C0}Loading script 'Y:\Games\SAMP-Sborka-By-Kiko\moonloader\spoka0_3.luac'...
[00:54:37] {C0C0C0}[ML] {FA9746}(system) {E0E0E0}spoka0_3.luac: {C0C0C0}Loaded successfully.
[00:54:37] {C0C0C0}[ML] {FA9746}(system) {C0C0C0}Loading script 'Y:\Games\SAMP-Sborka-By-Kiko\moonloader\stopcars.lua'...
[00:54:37] {C0C0C0}[ML] {FA9746}(system) {E0E0E0}stopcars.lua: {C0C0C0}Loaded successfully.
[00:54:37] {C0C0C0}[ML] {FA9746}(system) {C0C0C0}Loading script 'Y:\Games\SAMP-Sborka-By-Kiko\moonloader\Stopper.lua'...
[00:54:37] {C0C0C0}[ML] {FA9746}(system) {E0E0E0}Stopper: {C0C0C0}Loaded successfully.
[00:54:37] {C0C0C0}[ML] {FA9746}(system) {C0C0C0}Loading script 'Y:\Games\SAMP-Sborka-By-Kiko\moonloader\syncer.lua'...
[00:54:37] {C0C0C0}[ML] {FA9746}(system) {E0E0E0}syncer.lua: {C0C0C0}Loaded successfully.
[00:54:37] {C0C0C0}[ML] {FA9746}(system) {C0C0C0}Loading script 'Y:\Games\SAMP-Sborka-By-Kiko\moonloader\Teleport.luac'...
[00:54:37] {C0C0C0}[ML] {FA9746}(system) {E0E0E0}Teleport.luac: {C0C0C0}Loaded successfully.
[00:54:37] {C0C0C0}[ML] {FA9746}(system) {C0C0C0}Loading script 'Y:\Games\SAMP-Sborka-By-Kiko\moonloader\textdrawreplace.lua'...
[00:54:37] {C0C0C0}[ML] {FA9746}(system) {E0E0E0}CSChatAdd: {C0C0C0}Loaded successfully.
[00:54:37] {C0C0C0}[ML] {FA9746}(system) {C0C0C0}Loading script 'Y:\Games\SAMP-Sborka-By-Kiko\moonloader\thrower.luac'...
[00:54:37] {C0C0C0}[ML] {FA9746}(system) {E0E0E0}thrower.luac: {C0C0C0}Loaded successfully.
[00:54:37] {C0C0C0}[ML] {FA9746}(system) {C0C0C0}Loading script 'Y:\Games\SAMP-Sborka-By-Kiko\moonloader\UltraFuck.luac'...
[00:54:37] {C0C0C0}[ML] {FA9746}(system) {E0E0E0}UltraFuck: {C0C0C0}Loaded successfully.
[00:54:37] {C0C0C0}[ML] {FA9746}(system) {C0C0C0}Loading script 'Y:\Games\SAMP-Sborka-By-Kiko\moonloader\underground death.luac'...
[00:54:37] {C0C0C0}[ML] {FA9746}(system) {E0E0E0}underground death.luac: {C0C0C0}Loaded successfully.
[00:54:37] {C0C0C0}[ML] {FA9746}(system) {C0C0C0}Loading script 'Y:\Games\SAMP-Sborka-By-Kiko\moonloader\vcrash.lua'...
[00:54:37] {C0C0C0}[ML] {FA9746}(system) {E0E0E0}vcrash.lua: {C0C0C0}Loaded successfully.
[00:54:37] {C0C0C0}[ML] {FA9746}(system) {C0C0C0}Loading script 'Y:\Games\SAMP-Sborka-By-Kiko\moonloader\VCrashModify.lua'...
[00:54:37] {C0C0C0}[ML] {FA9746}(system) {E0E0E0}VCrashModify: {C0C0C0}Loaded successfully.
[00:54:37] {C0C0C0}[ML] {FA9746}(system) {C0C0C0}Loading script 'Y:\Games\SAMP-Sborka-By-Kiko\moonloader\wheeldestroyer.lua'...
[00:54:37] {C0C0C0}[ML] {FA9746}(system) {E0E0E0}wheeldestroyer.lua: {C0C0C0}Loaded successfully.
[00:54:37] {C0C0C0}[ML] {FA9746}(system) {C0C0C0}Loading script 'Y:\Games\SAMP-Sborka-By-Kiko\moonloader\zzzz_astpn (no pickups).lua'...
[00:54:37] {C0C0C0}[ML] {FA9746}(system) {E0E0E0}zzzz_astpn (no pickups).lua: {C0C0C0}Loaded successfully.
[00:54:37] {C0C0C0}[ML] {FA9746}(system) {C0C0C0}Loading script 'Y:\Games\SAMP-Sborka-By-Kiko\moonloader\zzzz_astpn.lua'...
[00:54:37] {C0C0C0}[ML] {FA9746}(system) {E0E0E0}zzzz_astpn.lua: {C0C0C0}Loaded successfully.
[00:54:37] {C0C0C0}[ML] {FA9746}(system) {C0C0C0}Loading script 'Y:\Games\SAMP-Sborka-By-Kiko\moonloader\config\UltraFuck\Scripts\speed.lua'...
[00:54:37] {C0C0C0}[ML] {FA9746}(system) {E0E0E0}speed.lua: {C0C0C0}Loaded successfully.
[00:54:37] {C0C0C0}[ML] {7DD156}(script) {E0E0E0}UltraFuck: {C0C0C0}{FFFFFF}Обновления не были найдены, текущая версия 2.31
[00:54:37] {C0C0C0}[ML] {7DD156}(script) {E0E0E0}UltraFuck: {C0C0C0}{FFFFFF}Вы всегда можете отключить авто обновление в настройках.
[00:55:24] {C0C0C0}[ML] {FA9746}(system) {E0E0E0}AntiRvanka.lua: {C0C0C0}Script terminated. (134E4964)
[00:55:24] {C0C0C0}[ML] {FA9746}(system) {E0E0E0}AntiSpamForMaksQSpam: {C0C0C0}Script terminated. (134E4344)
[00:55:24] {C0C0C0}[ML] {FA9746}(system) {E0E0E0}arz_carslap.luac: {C0C0C0}Script terminated. (134E357C)
[00:55:24] {C0C0C0}[ML] {FA9746}(system) {E0E0E0}ML-AutoReboot: {C0C0C0}Script terminated. (134E44CC)
[00:55:24] {C0C0C0}[ML] {FA9746}(system) {E0E0E0}BPS_FLY.lua: {C0C0C0}Script terminated. (134E47DC)
[00:55:24] {C0C0C0}[ML] {FA9746}(system) {E0E0E0}ButilkaCrasher.lua: {C0C0C0}Script terminated. (134E3D24)
[00:55:24] {C0C0C0}[ML] {FA9746}(system) {E0E0E0}bypass.lua: {C0C0C0}Script terminated. (134E41BC)
[00:55:24] {C0C0C0}[ML] {FA9746}(system) {E0E0E0}bypasser.lua: {C0C0C0}Script terminated. (134E4AEC)
[00:55:24] {C0C0C0}[ML] {FA9746}(system) {E0E0E0}carshot.lua: {C0C0C0}Script terminated. (134E3EAC)
[00:55:24] {C0C0C0}[ML] {FA9746}(system) {E0E0E0}CSChatAdd: {C0C0C0}Script terminated. (134E388C)
[00:55:24] {C0C0C0}[ML] {FA9746}(system) {E0E0E0}Check MoonLoader Updates: {C0C0C0}Script terminated. (134E4C74)
[00:55:24] {C0C0C0}[ML] {FA9746}(system) {E0E0E0}CreepTonInvis.luac: {C0C0C0}Script terminated. (134E2F5C)
[00:55:24] {C0C0C0}[ML] {FA9746}(system) {E0E0E0}dammagerBydamag.lua: {C0C0C0}Script terminated. (0F53357C)
[00:55:24] {C0C0C0}[ML] {FA9746}(system) {E0E0E0}egun.luac: {C0C0C0}Script terminated. (0F534DFC)
[00:55:24] {C0C0C0}[ML] {FA9746}(system) {E0E0E0}EnterCar.lua: {C0C0C0}Script terminated. (0F534344)
[00:55:24] {C0C0C0}[ML] {FA9746}(system) {E0E0E0}EnterCrasher (bypass): {C0C0C0}Script terminated. (0F5330E4)
[00:55:24] {C0C0C0}[ML] {FA9746}(system) {E0E0E0}F-CAR.lua: {C0C0C0}Script terminated. (0F533D24)
[00:55:24] {C0C0C0}[ML] {FA9746}(system) {E0E0E0}fly.luac: {C0C0C0}Script terminated. (0F5344CC)
[00:55:24] {C0C0C0}[ML] {FA9746}(system) {E0E0E0}FPS_UP_UPDATE.lua: {C0C0C0}Script terminated. (0F533EAC)
[00:55:24] {C0C0C0}[ML] {FA9746}(system) {E0E0E0}gagarin.lua: {C0C0C0}Script terminated. (0F5341BC)
[00:55:24] {C0C0C0}[ML] {FA9746}(system) {E0E0E0}GORYASHIYCAR.luac: {C0C0C0}Script terminated. (0F534C74)
[00:55:24] {C0C0C0}[ML] {FA9746}(system) {E0E0E0}INVI.lua: {C0C0C0}Script terminated. (0F534654)
[00:55:24] {C0C0C0}[ML] {FA9746}(system) {E0E0E0}kickASS v2.1: {C0C0C0}Script terminated. (0F53388C)
[00:55:24] {C0C0C0}[ML] {FA9746}(system) {E0E0E0}knockdown.lua: {C0C0C0}Script terminated. (0F5347DC)
[00:55:24] {C0C0C0}[ML] {FA9746}(system) {E0E0E0}Multi Cheats by ]GsH[MeG@LaDo[N]: {C0C0C0}Script terminated. (0F53326C)
[00:55:24] {C0C0C0}[ML] {FA9746}(system) {E0E0E0}POMOYKAMod: {C0C0C0}Script terminated. (0F534964)
[00:55:24] {C0C0C0}[ML] {FA9746}(system) {E0E0E0}RainbowClist: {C0C0C0}Script terminated. (0F533A14)
[00:55:24] {C0C0C0}[ML] {FA9746}(system) {E0E0E0}ML-ReloadAll: {C0C0C0}Script terminated. (0F533B9C)
[00:55:24] {C0C0C0}[ML] {FA9746}(system) {E0E0E0}scar.lua: {C0C0C0}Script terminated. (279B8A9C)
[00:55:24] {C0C0C0}[ML] {FA9746}(system) {E0E0E0}SF Integration: {C0C0C0}Script terminated. (279B878C)
[00:55:24] {C0C0C0}[ML] {FA9746}(system) {E0E0E0}skinc: {C0C0C0}Script terminated. (279B816C)
[00:55:24] {C0C0C0}[ML] {FA9746}(system) {E0E0E0}SlapperBYs3nder.luac: {C0C0C0}Script terminated. (279B8604)
[00:55:24] {C0C0C0}[ML] {FA9746}(system) {E0E0E0}Spammer: {C0C0C0}Script terminated. (279B90BC)
[00:55:24] {C0C0C0}[ML] {FA9746}(system) {E0E0E0}spoka0_3.luac: {C0C0C0}Script terminated. (279B8DAC)
[00:55:24] {C0C0C0}[ML] {FA9746}(system) {E0E0E0}stopcars.lua: {C0C0C0}Script terminated. (279B82F4)
[00:55:24] {C0C0C0}[ML] {FA9746}(system) {E0E0E0}Stopper: {C0C0C0}Script terminated. (279B9244)
[00:55:24] {C0C0C0}[ML] {FA9746}(system) {E0E0E0}syncer.lua: {C0C0C0}Script terminated. (279B9554)
[00:55:24] {C0C0C0}[ML] {FA9746}(system) {E0E0E0}Teleport.luac: {C0C0C0}Script terminated. (279B96DC)
[00:55:24] {C0C0C0}[ML] {FA9746}(system) {E0E0E0}CSChatAdd: {C0C0C0}Script terminated. (279B9864)
[00:55:24] {C0C0C0}[ML] {FA9746}(system) {E0E0E0}thrower.luac: {C0C0C0}Script terminated. (279B7B4C)
[00:55:24] {C0C0C0}[ML] {FA9746}(system) {E0E0E0}UltraFuck: {C0C0C0}Script terminated. (0F451CA4)
[00:55:24] {C0C0C0}[ML] {FA9746}(system) {E0E0E0}underground death.luac: {C0C0C0}Script terminated. (0F451B1C)
[00:55:24] {C0C0C0}[ML] {FA9746}(system) {E0E0E0}vcrash.lua: {C0C0C0}Script terminated. (0F450734)
[00:55:24] {C0C0C0}[ML] {FA9746}(system) {E0E0E0}VCrashModify: {C0C0C0}Script terminated. (0F4505AC)
[00:55:24] {C0C0C0}[ML] {FA9746}(system) {E0E0E0}wheeldestroyer.lua: {C0C0C0}Script terminated. (0F4511EC)
[00:55:24] {C0C0C0}[ML] {FA9746}(system) {E0E0E0}zzzz_astpn (no pickups).lua: {C0C0C0}Script terminated. (0F450A44)
[00:55:24] {C0C0C0}[ML] {FA9746}(system) {E0E0E0}zzzz_astpn.lua: {C0C0C0}Script terminated. (0F450D54)
[00:55:24] {C0C0C0}[ML] {FA9746}(system) {E0E0E0}speed.lua: {C0C0C0}Script terminated. (0F450EDC)
[00:55:24] {C0C0C0}[ML] {FA9746}(system) {C0C0C0}Loading script 'Y:\Games\SAMP-Sborka-By-Kiko\moonloader\AntiRvanka.lua'...
[00:55:24] {C0C0C0}[ML] {FA9746}(system) {E0E0E0}AntiRvanka.lua: {C0C0C0}Loaded successfully.
[00:55:24] {C0C0C0}[ML] {FA9746}(system) {C0C0C0}Loading script 'Y:\Games\SAMP-Sborka-By-Kiko\moonloader\AntiSpammerForMaksQSpammer.lua'...
[00:55:24] {C0C0C0}[ML] {FA9746}(system) {E0E0E0}AntiSpamForMaksQSpam: {C0C0C0}Loaded successfully.
[00:55:24] {C0C0C0}[ML] {FA9746}(system) {C0C0C0}Loading script 'Y:\Games\SAMP-Sborka-By-Kiko\moonloader\arz_carslap.luac'...
[00:55:24] {C0C0C0}[ML] {FA9746}(system) {E0E0E0}arz_carslap.luac: {C0C0C0}Loaded successfully.
[00:55:24] {C0C0C0}[ML] {FA9746}(system) {C0C0C0}Loading script 'Y:\Games\SAMP-Sborka-By-Kiko\moonloader\AutoReboot.lua'...
[00:55:24] {C0C0C0}[ML] {FA9746}(system) {E0E0E0}ML-AutoReboot: {C0C0C0}Loaded successfully.
[00:55:24] {C0C0C0}[ML] {FA9746}(system) {C0C0C0}Loading script 'Y:\Games\SAMP-Sborka-By-Kiko\moonloader\BPS_FLY.lua'...
[00:55:24] {C0C0C0}[ML] {FA9746}(system) {E0E0E0}BPS_FLY.lua: {C0C0C0}Loaded successfully.
[00:55:24] {C0C0C0}[ML] {FA9746}(system) {C0C0C0}Loading script 'Y:\Games\SAMP-Sborka-By-Kiko\moonloader\ButilkaCrasher.lua'...
[00:55:24] {C0C0C0}[ML] {FA9746}(system) {E0E0E0}ButilkaCrasher.lua: {C0C0C0}Loaded successfully.
[00:55:24] {C0C0C0}[ML] {FA9746}(system) {C0C0C0}Loading script 'Y:\Games\SAMP-Sborka-By-Kiko\moonloader\bypass.lua'...
[00:55:24] {C0C0C0}[ML] {FA9746}(system) {E0E0E0}bypass.lua: {C0C0C0}Loaded successfully.
[00:55:24] {C0C0C0}[ML] {FA9746}(system) {C0C0C0}Loading script 'Y:\Games\SAMP-Sborka-By-Kiko\moonloader\bypasser.lua'...
[00:55:24] {C0C0C0}[ML] {FA9746}(system) {E0E0E0}bypasser.lua: {C0C0C0}Loaded successfully.
[00:55:24] {C0C0C0}[ML] {FA9746}(system) {C0C0C0}Loading script 'Y:\Games\SAMP-Sborka-By-Kiko\moonloader\carshot.lua'...
[00:55:24] {C0C0C0}[ML] {FA9746}(system) {E0E0E0}carshot.lua: {C0C0C0}Loaded successfully.
[00:55:24] {C0C0C0}[ML] {FA9746}(system) {C0C0C0}Loading script 'Y:\Games\SAMP-Sborka-By-Kiko\moonloader\carshot_chat_add.lua'...
[00:55:24] {C0C0C0}[ML] {FA9746}(system) {E0E0E0}CSChatAdd: {C0C0C0}Loaded successfully.
[00:55:24] {C0C0C0}[ML] {FA9746}(system) {C0C0C0}Loading script 'Y:\Games\SAMP-Sborka-By-Kiko\moonloader\CheatHelper.lua'...
[00:55:24] {C0C0C0}[ML] {FA9746}(system) {E0E0E0}CheatHelper: {C0C0C0}Loaded successfully.
[00:55:24] {C0C0C0}[ML] {FA9746}(system) {C0C0C0}Loading script 'Y:\Games\SAMP-Sborka-By-Kiko\moonloader\check-moonloader-updates.lua'...
[00:55:24] {C0C0C0}[ML] {FA9746}(system) {E0E0E0}Check MoonLoader Updates: {C0C0C0}Loaded successfully.
[00:55:24] {C0C0C0}[ML] {FA9746}(system) {C0C0C0}Loading script 'Y:\Games\SAMP-Sborka-By-Kiko\moonloader\CreepTonInvis.luac'...
[00:55:24] {C0C0C0}[ML] {FA9746}(system) {E0E0E0}CreepTonInvis.luac: {C0C0C0}Loaded successfully.
[00:55:24] {C0C0C0}[ML] {FA9746}(system) {C0C0C0}Loading script 'Y:\Games\SAMP-Sborka-By-Kiko\moonloader\dammagerBydamag.lua'...
[00:55:24] {C0C0C0}[ML] {FA9746}(system) {E0E0E0}dammagerBydamag.lua: {C0C0C0}Loaded successfully.
[00:55:24] {C0C0C0}[ML] {FA9746}(system) {C0C0C0}Loading script 'Y:\Games\SAMP-Sborka-By-Kiko\moonloader\egun.luac'...
[00:55:24] {C0C0C0}[ML] {FA9746}(system) {E0E0E0}egun.luac: {C0C0C0}Loaded successfully.
[00:55:24] {C0C0C0}[ML] {FA9746}(system) {C0C0C0}Loading script 'Y:\Games\SAMP-Sborka-By-Kiko\moonloader\EnterCar.lua'...
[00:55:24] {C0C0C0}[ML] {FA9746}(system) {E0E0E0}EnterCar.lua: {C0C0C0}Loaded successfully.
[00:55:24] {C0C0C0}[ML] {FA9746}(system) {C0C0C0}Loading script 'Y:\Games\SAMP-Sborka-By-Kiko\moonloader\EnterCrasher (bypass).lua'...
[00:55:24] {C0C0C0}[ML] {FA9746}(system) {E0E0E0}EnterCrasher (bypass): {C0C0C0}Loaded successfully.
[00:55:24] {C0C0C0}[ML] {FA9746}(system) {C0C0C0}Loading script 'Y:\Games\SAMP-Sborka-By-Kiko\moonloader\F-CAR.lua'...
[00:55:24] {C0C0C0}[ML] {FA9746}(system) {E0E0E0}F-CAR.lua: {C0C0C0}Loaded successfully.
[00:55:24] {C0C0C0}[ML] {FA9746}(system) {C0C0C0}Loading script 'Y:\Games\SAMP-Sborka-By-Kiko\moonloader\fly.luac'...
[00:55:24] {C0C0C0}[ML] {FA9746}(system) {E0E0E0}fly.luac: {C0C0C0}Loaded successfully.
[00:55:24] {C0C0C0}[ML] {FA9746}(system) {C0C0C0}Loading script 'Y:\Games\SAMP-Sborka-By-Kiko\moonloader\FPS_UP_UPDATE.lua'...
[00:55:24] {C0C0C0}[ML] {FA9746}(system) {E0E0E0}FPS_UP_UPDATE.lua: {C0C0C0}Loaded successfully.
[00:55:24] {C0C0C0}[ML] {FA9746}(system) {C0C0C0}Loading script 'Y:\Games\SAMP-Sborka-By-Kiko\moonloader\gagarin.lua'...
[00:55:24] {C0C0C0}[ML] {FA9746}(system) {E0E0E0}gagarin.lua: {C0C0C0}Loaded successfully.
[00:55:24] {C0C0C0}[ML] {FA9746}(system) {C0C0C0}Loading script 'Y:\Games\SAMP-Sborka-By-Kiko\moonloader\GORYASHIYCAR.luac'...
[00:55:24] {C0C0C0}[ML] {FA9746}(system) {E0E0E0}GORYASHIYCAR.luac: {C0C0C0}Loaded successfully.
[00:55:24] {C0C0C0}[ML] {FA9746}(system) {C0C0C0}Loading script 'Y:\Games\SAMP-Sborka-By-Kiko\moonloader\INVI.lua'...
[00:55:24] {C0C0C0}[ML] {FA9746}(system) {E0E0E0}INVI.lua: {C0C0C0}Loaded successfully.
[00:55:24] {C0C0C0}[ML] {FA9746}(system) {C0C0C0}Loading script 'Y:\Games\SAMP-Sborka-By-Kiko\moonloader\kickASS.lua'...
[00:55:24] {C0C0C0}[ML] {FA9746}(system) {E0E0E0}kickASS v2.1: {C0C0C0}Loaded successfully.
[00:55:24] {C0C0C0}[ML] {FA9746}(system) {C0C0C0}Loading script 'Y:\Games\SAMP-Sborka-By-Kiko\moonloader\knockdown.lua'...
[00:55:24] {C0C0C0}[ML] {FA9746}(system) {E0E0E0}knockdown.lua: {C0C0C0}Loaded successfully.
[00:55:24] {C0C0C0}[ML] {FA9746}(system) {C0C0C0}Loading script 'Y:\Games\SAMP-Sborka-By-Kiko\moonloader\Multi_AyE_Cheats_by ]GsH[MeG@LaDo[N].luac'...
[00:55:24] {C0C0C0}[ML] {FA9746}(system) {E0E0E0}Multi Cheats by ]GsH[MeG@LaDo[N]: {C0C0C0}Loaded successfully.
[00:55:24] {C0C0C0}[ML] {FA9746}(system) {C0C0C0}Loading script 'Y:\Games\SAMP-Sborka-By-Kiko\moonloader\POMOYKA MODE.lua'...
[00:55:24] {C0C0C0}[ML] {FA9746}(system) {E0E0E0}POMOYKAMod: {C0C0C0}Loaded successfully.
[00:55:24] {C0C0C0}[ML] {FA9746}(system) {C0C0C0}Loading script 'Y:\Games\SAMP-Sborka-By-Kiko\moonloader\RainbowClist.lua'...
[00:55:24] {C0C0C0}[ML] {FA9746}(system) {E0E0E0}RainbowClist: {C0C0C0}Loaded successfully.
[00:55:24] {C0C0C0}[ML] {FA9746}(system) {C0C0C0}Loading script 'Y:\Games\SAMP-Sborka-By-Kiko\moonloader\reload_all.lua'...
[00:55:24] {C0C0C0}[ML] {FA9746}(system) {E0E0E0}ML-ReloadAll: {C0C0C0}Loaded successfully.
[00:55:24] {C0C0C0}[ML] {FA9746}(system) {C0C0C0}Loading script 'Y:\Games\SAMP-Sborka-By-Kiko\moonloader\scar.lua'...
[00:55:24] {C0C0C0}[ML] {FA9746}(system) {E0E0E0}scar.lua: {C0C0C0}Loaded successfully.
[00:55:24] {C0C0C0}[ML] {FA9746}(system) {C0C0C0}Loading script 'Y:\Games\SAMP-Sborka-By-Kiko\moonloader\SF Integration.lua'...
[00:55:24] {C0C0C0}[ML] {FA9746}(system) {E0E0E0}SF Integration: {C0C0C0}Loaded successfully.
[00:55:24] {C0C0C0}[ML] {FA9746}(system) {C0C0C0}Loading script 'Y:\Games\SAMP-Sborka-By-Kiko\moonloader\skinc.lua'...
[00:55:24] {C0C0C0}[ML] {FA9746}(system) {E0E0E0}skinc: {C0C0C0}Loaded successfully.
[00:55:24] {C0C0C0}[ML] {FA9746}(system) {C0C0C0}Loading script 'Y:\Games\SAMP-Sborka-By-Kiko\moonloader\SlapperBYs3nder.luac'...
[00:55:24] {C0C0C0}[ML] {FA9746}(system) {E0E0E0}SlapperBYs3nder.luac: {C0C0C0}Loaded successfully.
[00:55:24] {C0C0C0}[ML] {FA9746}(system) {C0C0C0}Loading script 'Y:\Games\SAMP-Sborka-By-Kiko\moonloader\spammer.lua'...
[00:55:24] {C0C0C0}[ML] {FA9746}(system) {E0E0E0}Spammer: {C0C0C0}Loaded successfully.
[00:55:24] {C0C0C0}[ML] {FA9746}(system) {C0C0C0}Loading script 'Y:\Games\SAMP-Sborka-By-Kiko\moonloader\spoka0_3.luac'...
[00:55:24] {C0C0C0}[ML] {FA9746}(system) {E0E0E0}spoka0_3.luac: {C0C0C0}Loaded successfully.
[00:55:24] {C0C0C0}[ML] {FA9746}(system) {C0C0C0}Loading script 'Y:\Games\SAMP-Sborka-By-Kiko\moonloader\stopcars.lua'...
[00:55:24] {C0C0C0}[ML] {FA9746}(system) {E0E0E0}stopcars.lua: {C0C0C0}Loaded successfully.
[00:55:24] {C0C0C0}[ML] {FA9746}(system) {C0C0C0}Loading script 'Y:\Games\SAMP-Sborka-By-Kiko\moonloader\Stopper.lua'...
[00:55:24] {C0C0C0}[ML] {FA9746}(system) {E0E0E0}Stopper: {C0C0C0}Loaded successfully.
[00:55:24] {C0C0C0}[ML] {FA9746}(system) {C0C0C0}Loading script 'Y:\Games\SAMP-Sborka-By-Kiko\moonloader\syncer.lua'...
[00:55:24] {C0C0C0}[ML] {FA9746}(system) {E0E0E0}syncer.lua: {C0C0C0}Loaded successfully.
[00:55:24] {C0C0C0}[ML] {FA9746}(system) {C0C0C0}Loading script 'Y:\Games\SAMP-Sborka-By-Kiko\moonloader\Teleport.luac'...
[00:55:24] {C0C0C0}[ML] {FA9746}(system) {E0E0E0}Teleport.luac: {C0C0C0}Loaded successfully.
[00:55:24] {C0C0C0}[ML] {FA9746}(system) {C0C0C0}Loading script 'Y:\Games\SAMP-Sborka-By-Kiko\moonloader\textdrawreplace.lua'...
[00:55:24] {C0C0C0}[ML] {FA9746}(system) {E0E0E0}CSChatAdd: {C0C0C0}Loaded successfully.
[00:55:24] {C0C0C0}[ML] {FA9746}(system) {C0C0C0}Loading script 'Y:\Games\SAMP-Sborka-By-Kiko\moonloader\thrower.luac'...
[00:55:24] {C0C0C0}[ML] {FA9746}(system) {E0E0E0}thrower.luac: {C0C0C0}Loaded successfully.
[00:55:24] {C0C0C0}[ML] {FA9746}(system) {C0C0C0}Loading script 'Y:\Games\SAMP-Sborka-By-Kiko\moonloader\UltraFuck.luac'...
[00:55:24] {C0C0C0}[ML] {FA9746}(system) {E0E0E0}UltraFuck: {C0C0C0}Loaded successfully.
[00:55:24] {C0C0C0}[ML] {FA9746}(system) {C0C0C0}Loading script 'Y:\Games\SAMP-Sborka-By-Kiko\moonloader\underground death.luac'...
[00:55:24] {C0C0C0}[ML] {FA9746}(system) {E0E0E0}underground death.luac: {C0C0C0}Loaded successfully.
[00:55:24] {C0C0C0}[ML] {FA9746}(system) {C0C0C0}Loading script 'Y:\Games\SAMP-Sborka-By-Kiko\moonloader\vcrash.lua'...
[00:55:24] {C0C0C0}[ML] {FA9746}(system) {E0E0E0}vcrash.lua: {C0C0C0}Loaded successfully.
[00:55:24] {C0C0C0}[ML] {FA9746}(system) {C0C0C0}Loading script 'Y:\Games\SAMP-Sborka-By-Kiko\moonloader\VCrashModify.lua'...
[00:55:24] {C0C0C0}[ML] {FA9746}(system) {E0E0E0}VCrashModify: {C0C0C0}Loaded successfully.
[00:55:24] {C0C0C0}[ML] {FA9746}(system) {C0C0C0}Loading script 'Y:\Games\SAMP-Sborka-By-Kiko\moonloader\wheeldestroyer.lua'...
[00:55:24] {C0C0C0}[ML] {FA9746}(system) {E0E0E0}wheeldestroyer.lua: {C0C0C0}Loaded successfully.
[00:55:24] {C0C0C0}[ML] {FA9746}(system) {C0C0C0}Loading script 'Y:\Games\SAMP-Sborka-By-Kiko\moonloader\zzzz_astpn (no pickups).lua'...
[00:55:24] {C0C0C0}[ML] {FA9746}(system) {E0E0E0}zzzz_astpn (no pickups).lua: {C0C0C0}Loaded successfully.
[00:55:24] {C0C0C0}[ML] {FA9746}(system) {C0C0C0}Loading script 'Y:\Games\SAMP-Sborka-By-Kiko\moonloader\zzzz_astpn.lua'...
[00:55:24] {C0C0C0}[ML] {FA9746}(system) {E0E0E0}zzzz_astpn.lua: {C0C0C0}Loaded successfully.
[00:55:24] {C0C0C0}[ML] {FA9746}(system) {C0C0C0}Loading script 'Y:\Games\SAMP-Sborka-By-Kiko\moonloader\config\UltraFuck\Scripts\speed.lua'...
[00:55:24] {C0C0C0}[ML] {FA9746}(system) {E0E0E0}speed.lua: {C0C0C0}Loaded successfully.
[00:55:24] {C0C0C0}[ML] {7DD156}(script) {E0E0E0}UltraFuck: {C0C0C0}{FFFFFF}Обновления не были найдены, текущая версия 2.31
[00:55:24] {C0C0C0}[ML] {7DD156}(script) {E0E0E0}UltraFuck: {C0C0C0}{FFFFFF}Вы всегда можете отключить авто обновление в настройках.
[00:55:26] {C0C0C0}[ML] {FF7070}(error) {E0E0E0}CheatHelper: {C0C0C0}Y:\Games\SAMP-Sborka-By-Kiko\moonloader\CheatHelper.lua:82: attempt to index field 'info' (a nil value)
stack traceback:
	Y:\Games\SAMP-Sborka-By-Kiko\moonloader\CheatHelper.lua:82: in function <Y:\Games\SAMP-Sborka-By-Kiko\moonloader\CheatHelper.lua:79>
[00:55:26] {C0C0C0}[ML] {FF7070}(error) {E0E0E0}CheatHelper: {C0C0C0}Script died due to an error. (134E4344)
[00:56:08] {C0C0C0}[ML] {7DD156}(script) {E0E0E0}ML-AutoReboot: {C0C0C0}Loading "Y:\Games\SAMP-Sborka-By-Kiko\moonloader\CheatHelper.lua"...
[00:56:08] {C0C0C0}[ML] {FA9746}(system) {C0C0C0}Loading script 'Y:\Games\SAMP-Sborka-By-Kiko\moonloader\CheatHelper.lua'...
[00:56:08] {C0C0C0}[ML] {FA9746}(system) {E0E0E0}CheatHelper: {C0C0C0}Loaded successfully.
[00:56:21] {C0C0C0}[ML] {7DD156}(script) {E0E0E0}ML-AutoReboot: {C0C0C0}Reloading "CheatHelper"...
[00:56:21] {C0C0C0}[ML] {FA9746}(system) {E0E0E0}CheatHelper: {C0C0C0}Script terminated. (0A1A6684)
[00:56:21] {C0C0C0}[ML] {FA9746}(system) {C0C0C0}Loading script 'Y:\Games\SAMP-Sborka-By-Kiko\moonloader\CheatHelper.lua'...
[00:56:21] {C0C0C0}[ML] {FA9746}(system) {E0E0E0}CheatHelper: {C0C0C0}Loaded successfully.
[00:56:50] {C0C0C0}[ML] {7DD156}(script) {E0E0E0}ML-AutoReboot: {C0C0C0}Reloading "CheatHelper"...
[00:56:50] {C0C0C0}[ML] {FA9746}(system) {E0E0E0}CheatHelper: {C0C0C0}Script terminated. (0A1A78E4)
[00:56:50] {C0C0C0}[ML] {FA9746}(system) {C0C0C0}Loading script 'Y:\Games\SAMP-Sborka-By-Kiko\moonloader\CheatHelper.lua'...
[00:56:50] {C0C0C0}[ML] {FA9746}(system) {E0E0E0}CheatHelper: {C0C0C0}Loaded successfully.
[01:18:12] {C0C0C0}[ML] {7DD156}(script) {E0E0E0}ML-AutoReboot: {C0C0C0}Reloading "CheatHelper"...
[01:18:12] {C0C0C0}[ML] {FA9746}(system) {E0E0E0}CheatHelper: {C0C0C0}Script terminated. (0F451684)
[01:18:12] {C0C0C0}[ML] {FA9746}(system) {C0C0C0}Loading script 'Y:\Games\SAMP-Sborka-By-Kiko\moonloader\CheatHelper.lua'...
[01:18:12] {C0C0C0}[ML] {FA9746}(system) {E0E0E0}CheatHelper: {C0C0C0}Loaded successfully.
[01:18:13] Hook "SAMP: CNetGame::~CNetGame" installed.
[01:18:15] Uninitializing SAMPFUNCS...
[01:18:15] Exited.
